Started GET "/" for ::1 at 2022-01-22 09:50:24 +0900
  [1m[35m (2.3ms)[0m  [1m[34mSELECT sqlite_version(*)[0m
Processing by Rails::WelcomeController#index as HTML
  Rendering /Users/yuuki/.rbenv/versions/3.1.0/lib/ruby/gems/3.1.0/gems/railties-7.0.1/lib/rails/templates/rails/welcome/index.html.erb
  Rendered /Users/yuuki/.rbenv/versions/3.1.0/lib/ruby/gems/3.1.0/gems/railties-7.0.1/lib/rails/templates/rails/welcome/index.html.erb (Duration: 2.4ms | Allocations: 877)
Completed 200 OK in 18ms (Views: 7.5ms | ActiveRecord: 0.0ms | Allocations: 7922)


  [1m[35m (1.2ms)[0m  [1m[34mSELECT sqlite_version(*)[0m
  [1m[35m (0.8ms)[0m  [1m[35mCREATE TABLE "schema_migrations" ("version" varchar NOT NULL PRIMARY KEY)[0m
  [1m[35m (0.6ms)[0m  [1m[35mCREATE TABLE "ar_internal_metadata" ("key" varchar NOT NULL PRIMARY KEY, "value" varchar, "created_at" datetime(6) NOT NULL, "updated_at" datetime(6) NOT NULL)[0m
  [1m[36mActiveRecord::SchemaMigration Pluck (0.1ms)[0m  [1m[34mSELECT "schema_migrations"."version" FROM "schema_migrations" ORDER BY "schema_migrations"."version" ASC[0m
Migrating to CreateAuctions (20220122010218)
  [1m[36mTRANSACTION (0.1ms)[0m  [1m[36mbegin transaction[0m
  [1m[35m (0.4ms)[0m  [1m[35mCREATE TABLE "auctions" ("id" integer PRIMARY KEY AUTOINCREMENT NOT NULL, "url" varchar, "email" varchar, "proname" varchar, "price" integer, "start" varchar, "finish" varchar, "bid_number" integer, "remain_time" integer, "created_at" datetime(6) NOT NULL, "updated_at" datetime(6) NOT NULL)[0m
  [1m[36mActiveRecord::SchemaMigration Create (0.2ms)[0m  [1m[32mINSERT INTO "schema_migrations" ("version") VALUES (?)[0m  [["version", "20220122010218"]]
  [1m[36mTRANSACTION (0.5ms)[0m  [1m[36mcommit transaction[0m
  [1m[36mActiveRecord::InternalMetadata Load (1.2ms)[0m  [1m[34mSELECT "ar_internal_metadata".* FROM "ar_internal_metadata" WHERE "ar_internal_metadata"."key" = ? LIMIT ?[0m  [["key", "environment"], ["LIMIT", 1]]
  [1m[36mTRANSACTION (0.1ms)[0m  [1m[36mbegin transaction[0m
  [1m[36mActiveRecord::InternalMetadata Create (0.4ms)[0m  [1m[32mINSERT INTO "ar_internal_metadata" ("key", "value", "created_at", "updated_at") VALUES (?, ?, ?, ?)[0m  [["key", "environment"], ["value", "development"], ["created_at", "2022-01-22 01:04:28.414418"], ["updated_at", "2022-01-22 01:04:28.414418"]]
  [1m[36mTRANSACTION (0.4ms)[0m  [1m[36mcommit transaction[0m
  [1m[35m (0.0ms)[0m  [1m[34mSELECT sqlite_version(*)[0m
  [1m[36mActiveRecord::SchemaMigration Pluck (0.1ms)[0m  [1m[34mSELECT "schema_migrations"."version" FROM "schema_migrations" ORDER BY "schema_migrations"."version" ASC[0m
Started GET "/" for ::1 at 2022-01-22 10:04:57 +0900
  [1m[35m (5.1ms)[0m  [1m[34mSELECT sqlite_version(*)[0m
  [1m[36mActiveRecord::SchemaMigration Pluck (0.1ms)[0m  [1m[34mSELECT "schema_migrations"."version" FROM "schema_migrations" ORDER BY "schema_migrations"."version" ASC[0m
Processing by AuctionsController#index as HTML
  Rendering layout layouts/application.html.erb
  Rendering auctions/index.html.erb within layouts/application
  Rendered auctions/index.html.erb within layouts/application (Duration: 1.0ms | Allocations: 461)
  Rendered layout layouts/application.html.erb (Duration: 234.7ms | Allocations: 92966)
Completed 200 OK in 244ms (Views: 238.0ms | ActiveRecord: 0.0ms | Allocations: 98978)


Started GET "/forms/new" for ::1 at 2022-01-22 10:13:24 +0900
  [1m[35m (0.9ms)[0m  [1m[34mSELECT sqlite_version(*)[0m
  [1m[36mActiveRecord::SchemaMigration Pluck (0.1ms)[0m  [1m[34mSELECT "schema_migrations"."version" FROM "schema_migrations" ORDER BY "schema_migrations"."version" ASC[0m
  
ActionController::RoutingError (No route matches [GET] "/forms/new"):
  
Started GET "/forms/new" for ::1 at 2022-01-22 10:14:43 +0900
  
ActionController::RoutingError (No route matches [GET] "/forms/new"):
  
Started GET "/" for ::1 at 2022-01-22 10:14:48 +0900
Processing by AuctionsController#index as HTML
Completed 500 Internal Server Error in 13ms (ActiveRecord: 0.0ms | Allocations: 5308)


  
NameError (uninitialized constant AuctionsController::Aucrion

    @auctions = Aucrion.all
                ^^^^^^^):
  
app/controllers/auctions_controller.rb:6:in `index'
Started GET "/" for ::1 at 2022-01-22 10:15:03 +0900
Processing by AuctionsController#index as HTML
  [1m[35m (0.1ms)[0m  [1m[34mSELECT sqlite_version(*)[0m
  ↳ app/controllers/auctions_controller.rb:7:in `index'
  [1m[36mAuction Count (0.4ms)[0m  [1m[34mSELECT COUNT(*) FROM "auctions"[0m
  ↳ app/controllers/auctions_controller.rb:7:in `index'
  Rendering layout layouts/application.html.erb
  Rendering auctions/index.html.erb within layouts/application
  Rendered auctions/index.html.erb within layouts/application (Duration: 2.2ms | Allocations: 2790)
  Rendered layout layouts/application.html.erb (Duration: 2.3ms | Allocations: 2884)
Completed 500 Internal Server Error in 10ms (ActiveRecord: 0.9ms | Allocations: 6870)


  
ActionView::Template::Error (undefined method `>=' for nil:NilClass):
    3: <hr>
    4: 
    5: <p>価格推移したい商品を10個まで表示できます</p>
    6: <% if @auction_count >= 10 %>
    7:     <h2>登録できる数が限界になりました。どれか削除してからご利用ください</h2>
    8: <% else %>
    9:     <%= link_to "価格推移したい商品登録ページ", new_auction_path %>
  
app/views/auctions/index.html.erb:6
Started GET "/" for ::1 at 2022-01-22 10:15:17 +0900
Processing by AuctionsController#index as HTML
  [1m[36mAuction Count (0.4ms)[0m  [1m[34mSELECT COUNT(*) FROM "auctions"[0m
  ↳ app/controllers/auctions_controller.rb:7:in `index'
  Rendering layout layouts/application.html.erb
  Rendering auctions/index.html.erb within layouts/application
  [1m[36mAuction Load (0.3ms)[0m  [1m[34mSELECT "auctions".* FROM "auctions"[0m
  ↳ app/views/auctions/index.html.erb:15
  Rendered auctions/index.html.erb within layouts/application (Duration: 3.8ms | Allocations: 1301)
  Rendered layout layouts/application.html.erb (Duration: 65.8ms | Allocations: 39803)
Completed 200 OK in 75ms (Views: 68.8ms | ActiveRecord: 0.8ms | Allocations: 41573)


Started GET "/auctions/new" for ::1 at 2022-01-22 10:15:19 +0900
Processing by AuctionsController#new as HTML
Completed 500 Internal Server Error in 8ms (ActiveRecord: 0.0ms | Allocations: 2539)


  
NameError (uninitialized constant AuctionsController::Aucrion

    @auction = Aucrion.new
               ^^^^^^^):
  
app/controllers/auctions_controller.rb:11:in `new'
Started GET "/auctions/new" for ::1 at 2022-01-22 10:15:30 +0900
Processing by AuctionsController#new as HTML
  [1m[35m (0.1ms)[0m  [1m[34mSELECT sqlite_version(*)[0m
  ↳ app/controllers/auctions_controller.rb:11:in `new'
  Rendering layout layouts/application.html.erb
  Rendering auctions/new.html.erb within layouts/application
  Rendered auctions/new.html.erb within layouts/application (Duration: 10.4ms | Allocations: 4334)
  Rendered layout layouts/application.html.erb (Duration: 25.3ms | Allocations: 18155)
Completed 200 OK in 40ms (Views: 26.7ms | ActiveRecord: 0.8ms | Allocations: 32092)


Started GET "/auctions/new" for ::1 at 2022-01-22 10:15:49 +0900
Processing by AuctionsController#new as HTML
  Rendering layout layouts/application.html.erb
  Rendering auctions/new.html.erb within layouts/application
  Rendered auctions/new.html.erb within layouts/application (Duration: 2.0ms | Allocations: 1235)
  Rendered layout layouts/application.html.erb (Duration: 7.2ms | Allocations: 3777)
Completed 200 OK in 11ms (Views: 9.4ms | ActiveRecord: 0.0ms | Allocations: 5003)


Started POST "/auctions" for ::1 at 2022-01-22 10:16:08 +0900
Processing by AuctionsController#create as TURBO_STREAM
  Parameters: {"authenticity_token"=>"[FILTERED]", "auction"=>{"url"=>"https://page.auctions.yahoo.co.jp/jp/auction/1031905319", "email"=>"test@test.com"}, "commit"=>"登録"}
Redirected to http://localhost:3000/auctions/new
Completed 302 Found in 2ms (ActiveRecord: 0.0ms | Allocations: 951)


Started GET "/auctions/new" for ::1 at 2022-01-22 10:16:08 +0900
Processing by AuctionsController#new as TURBO_STREAM
  Rendering layout layouts/application.html.erb
  Rendering auctions/new.html.erb within layouts/application
  Rendered auctions/new.html.erb within layouts/application (Duration: 2.2ms | Allocations: 1274)
  Rendered layout layouts/application.html.erb (Duration: 6.0ms | Allocations: 3815)
Completed 200 OK in 9ms (Views: 7.6ms | ActiveRecord: 0.0ms | Allocations: 5068)


Started POST "/auctions" for ::1 at 2022-01-22 10:16:17 +0900
Processing by AuctionsController#create as TURBO_STREAM
  Parameters: {"authenticity_token"=>"[FILTERED]", "auction"=>{"url"=>"https://page.auctions.yahoo.co.jp/jp/auction/1031905319", "email"=>"test@test.com"}, "commit"=>"登録"}
Redirected to http://localhost:3000/auctions/new
Completed 302 Found in 4ms (ActiveRecord: 0.0ms | Allocations: 666)


Started GET "/auctions/new" for ::1 at 2022-01-22 10:16:17 +0900
Processing by AuctionsController#new as TURBO_STREAM
  Rendering layout layouts/application.html.erb
  Rendering auctions/new.html.erb within layouts/application
  Rendered auctions/new.html.erb within layouts/application (Duration: 1.5ms | Allocations: 637)
  Rendered layout layouts/application.html.erb (Duration: 5.6ms | Allocations: 2674)
Completed 200 OK in 7ms (Views: 6.3ms | ActiveRecord: 0.0ms | Allocations: 2984)


Started POST "/auctions" for ::1 at 2022-01-22 10:17:06 +0900
Processing by AuctionsController#create as TURBO_STREAM
  Parameters: {"authenticity_token"=>"[FILTERED]", "auction"=>{"url"=>"https://page.auctions.yahoo.co.jp/jp/auction/1031905319", "email"=>""}, "commit"=>"登録"}
  [1m[35m (0.1ms)[0m  [1m[34mSELECT sqlite_version(*)[0m
  ↳ app/controllers/auctions_controller.rb:15:in `create'
Redirected to http://localhost:3000/auctions/new
Completed 302 Found in 8ms (ActiveRecord: 0.8ms | Allocations: 4763)


Started GET "/auctions/new" for ::1 at 2022-01-22 10:17:06 +0900
Processing by AuctionsController#new as TURBO_STREAM
  Rendering layout layouts/application.html.erb
  Rendering auctions/new.html.erb within layouts/application
  Rendered auctions/new.html.erb within layouts/application (Duration: 1.2ms | Allocations: 833)
  Rendered layout layouts/application.html.erb (Duration: 14.5ms | Allocations: 14299)
Completed 200 OK in 16ms (Views: 15.5ms | ActiveRecord: 0.0ms | Allocations: 15243)


Started POST "/auctions" for ::1 at 2022-01-22 10:17:10 +0900
Processing by AuctionsController#create as TURBO_STREAM
  Parameters: {"authenticity_token"=>"[FILTERED]", "auction"=>{"url"=>"https://page.auctions.yahoo.co.jp/jp/auction/1031905319", "email"=>"test@test.com"}, "commit"=>"登録"}
  [1m[36mTRANSACTION (0.2ms)[0m  [1m[36mbegin transaction[0m
  ↳ app/controllers/auctions_controller.rb:51:in `create'
  [1m[36mAuction Create (1.8ms)[0m  [1m[32mINSERT INTO "auctions" ("url", "email", "proname", "price", "start", "finish", "bid_number", "remain_time", "created_at", "updated_at") VALUES (?, ?, ?, ?, ?, ?, ?, ?, ?, ?)[0m  [["url", "https://page.auctions.yahoo.co.jp/jp/auction/1031905319"], ["email", "test@test.com"], ["proname", nil], ["price", nil], ["start", nil], ["finish", nil], ["bid_number", nil], ["remain_time", nil], ["created_at", "2022-01-22 01:17:12.228763"], ["updated_at", "2022-01-22 01:17:12.228763"]]
  ↳ app/controllers/auctions_controller.rb:51:in `create'
  [1m[36mTRANSACTION (1.2ms)[0m  [1m[36mcommit transaction[0m
  ↳ app/controllers/auctions_controller.rb:51:in `create'
Redirected to http://localhost:3000/
Completed 302 Found in 1461ms (ActiveRecord: 3.2ms | Allocations: 19601)


Started GET "/" for ::1 at 2022-01-22 10:17:12 +0900
Processing by AuctionsController#index as TURBO_STREAM
  [1m[36mAuction Count (0.2ms)[0m  [1m[34mSELECT COUNT(*) FROM "auctions"[0m
  ↳ app/controllers/auctions_controller.rb:7:in `index'
  Rendering layout layouts/application.html.erb
  Rendering auctions/index.html.erb within layouts/application
  [1m[36mAuction Load (0.2ms)[0m  [1m[34mSELECT "auctions".* FROM "auctions"[0m
  ↳ app/views/auctions/index.html.erb:15
  Rendered auctions/index.html.erb within layouts/application (Duration: 3.2ms | Allocations: 1248)
  Rendered layout layouts/application.html.erb (Duration: 7.1ms | Allocations: 3795)
Completed 200 OK in 10ms (Views: 7.5ms | ActiveRecord: 0.5ms | Allocations: 4834)


Started DELETE "/auctions/1" for ::1 at 2022-01-22 10:17:15 +0900
Processing by AuctionsController#destroy as TURBO_STREAM
  Parameters: {"id"=>"1"}
  [1m[36mAuction Load (0.7ms)[0m  [1m[34mSELECT "auctions".* FROM "auctions" WHERE "auctions"."id" = ? LIMIT ?[0m  [["id", 1], ["LIMIT", 1]]
  ↳ app/controllers/auctions_controller.rb:60:in `destroy'
  [1m[36mTRANSACTION (0.1ms)[0m  [1m[36mbegin transaction[0m
  ↳ app/controllers/auctions_controller.rb:61:in `destroy'
  [1m[36mAuction Destroy (0.6ms)[0m  [1m[31mDELETE FROM "auctions" WHERE "auctions"."id" = ?[0m  [["id", 1]]
  ↳ app/controllers/auctions_controller.rb:61:in `destroy'
  [1m[36mTRANSACTION (0.8ms)[0m  [1m[36mcommit transaction[0m
  ↳ app/controllers/auctions_controller.rb:61:in `destroy'
Redirected to http://localhost:3000/
Completed 303 See Other in 16ms (ActiveRecord: 2.1ms | Allocations: 4583)


Started GET "/" for ::1 at 2022-01-22 10:17:15 +0900
Processing by AuctionsController#index as TURBO_STREAM
  [1m[36mAuction Count (0.2ms)[0m  [1m[34mSELECT COUNT(*) FROM "auctions"[0m
  ↳ app/controllers/auctions_controller.rb:7:in `index'
  Rendering layout layouts/application.html.erb
  Rendering auctions/index.html.erb within layouts/application
  [1m[36mAuction Load (0.1ms)[0m  [1m[34mSELECT "auctions".* FROM "auctions"[0m
  ↳ app/views/auctions/index.html.erb:15
  Rendered auctions/index.html.erb within layouts/application (Duration: 1.6ms | Allocations: 591)
  Rendered layout layouts/application.html.erb (Duration: 5.9ms | Allocations: 3118)
Completed 200 OK in 8ms (Views: 6.4ms | ActiveRecord: 0.3ms | Allocations: 3952)


Started GET "/auctions/new" for ::1 at 2022-01-22 10:17:16 +0900
Processing by AuctionsController#new as HTML
  Rendering layout layouts/application.html.erb
  Rendering auctions/new.html.erb within layouts/application
  Rendered auctions/new.html.erb within layouts/application (Duration: 1.9ms | Allocations: 639)
  Rendered layout layouts/application.html.erb (Duration: 7.6ms | Allocations: 2676)
Completed 200 OK in 10ms (Views: 8.7ms | ActiveRecord: 0.0ms | Allocations: 2973)


Started POST "/auctions" for ::1 at 2022-01-22 10:17:19 +0900
Processing by AuctionsController#create as TURBO_STREAM
  Parameters: {"authenticity_token"=>"[FILTERED]", "auction"=>{"url"=>"https://page.auctions.yahoo.co.jp/jp/auction/1031905319", "email"=>"test@test.com"}, "commit"=>"登録"}
  [1m[36mTRANSACTION (0.3ms)[0m  [1m[36mbegin transaction[0m
  ↳ app/controllers/auctions_controller.rb:51:in `create'
  [1m[36mAuction Create (1.0ms)[0m  [1m[32mINSERT INTO "auctions" ("url", "email", "proname", "price", "start", "finish", "bid_number", "remain_time", "created_at", "updated_at") VALUES (?, ?, ?, ?, ?, ?, ?, ?, ?, ?)[0m  [["url", "https://page.auctions.yahoo.co.jp/jp/auction/1031905319"], ["email", "test@test.com"], ["proname", nil], ["price", nil], ["start", nil], ["finish", nil], ["bid_number", nil], ["remain_time", nil], ["created_at", "2022-01-22 01:17:20.451289"], ["updated_at", "2022-01-22 01:17:20.451289"]]
  ↳ app/controllers/auctions_controller.rb:51:in `create'
  [1m[36mTRANSACTION (1.3ms)[0m  [1m[36mcommit transaction[0m
  ↳ app/controllers/auctions_controller.rb:51:in `create'
Redirected to http://localhost:3000/
Completed 302 Found in 1373ms (ActiveRecord: 2.6ms | Allocations: 4928)


Started GET "/" for ::1 at 2022-01-22 10:17:20 +0900
Processing by AuctionsController#index as TURBO_STREAM
  [1m[36mAuction Count (0.2ms)[0m  [1m[34mSELECT COUNT(*) FROM "auctions"[0m
  ↳ app/controllers/auctions_controller.rb:7:in `index'
  Rendering layout layouts/application.html.erb
  Rendering auctions/index.html.erb within layouts/application
  [1m[36mAuction Load (0.1ms)[0m  [1m[34mSELECT "auctions".* FROM "auctions"[0m
  ↳ app/views/auctions/index.html.erb:15
  Rendered auctions/index.html.erb within layouts/application (Duration: 1.7ms | Allocations: 655)
  Rendered layout layouts/application.html.erb (Duration: 6.5ms | Allocations: 3199)
Completed 200 OK in 10ms (Views: 7.0ms | ActiveRecord: 0.4ms | Allocations: 4058)


Started GET "/auctions/new" for ::1 at 2022-01-22 10:17:22 +0900
Processing by AuctionsController#new as HTML
  Rendering layout layouts/application.html.erb
  Rendering auctions/new.html.erb within layouts/application
  Rendered auctions/new.html.erb within layouts/application (Duration: 3.3ms | Allocations: 639)
  Rendered layout layouts/application.html.erb (Duration: 9.6ms | Allocations: 2676)
Completed 200 OK in 12ms (Views: 10.8ms | ActiveRecord: 0.0ms | Allocations: 2973)


  [1m[35m (0.9ms)[0m  [1m[34mSELECT sqlite_version(*)[0m
  [1m[36mActiveRecord::SchemaMigration Pluck (0.1ms)[0m  [1m[34mSELECT "schema_migrations"."version" FROM "schema_migrations" ORDER BY "schema_migrations"."version" ASC[0m
  [1m[35m (0.9ms)[0m  [1m[34mSELECT sqlite_version(*)[0m
  [1m[36mActiveRecord::SchemaMigration Pluck (0.1ms)[0m  [1m[34mSELECT "schema_migrations"."version" FROM "schema_migrations" ORDER BY "schema_migrations"."version" ASC[0m
  [1m[36mActiveRecord::SchemaMigration Pluck (0.1ms)[0m  [1m[34mSELECT "schema_migrations"."version" FROM "schema_migrations" ORDER BY "schema_migrations"."version" ASC[0m
  [1m[36mActiveRecord::SchemaMigration Pluck (0.0ms)[0m  [1m[34mSELECT "schema_migrations"."version" FROM "schema_migrations" ORDER BY "schema_migrations"."version" ASC[0m
  [1m[36mActiveRecord::SchemaMigration Pluck (0.1ms)[0m  [1m[34mSELECT "schema_migrations"."version" FROM "schema_migrations" ORDER BY "schema_migrations"."version" ASC[0m
Migrating to CreateAuctions (20220122010218)
  [1m[36mTRANSACTION (0.1ms)[0m  [1m[36mbegin transaction[0m
  [1m[35m (0.8ms)[0m  [1m[35mDROP TABLE "auctions"[0m
  [1m[36mActiveRecord::SchemaMigration Delete All (1.1ms)[0m  [1m[31mDELETE FROM "schema_migrations" WHERE "schema_migrations"."version" = ?[0m  [["version", "20220122010218"]]
  [1m[36mTRANSACTION (0.4ms)[0m  [1m[36mcommit transaction[0m
  [1m[35m (0.0ms)[0m  [1m[34mSELECT sqlite_version(*)[0m
  [1m[36mActiveRecord::SchemaMigration Pluck (0.1ms)[0m  [1m[34mSELECT "schema_migrations"."version" FROM "schema_migrations" ORDER BY "schema_migrations"."version" ASC[0m
  [1m[35m (0.8ms)[0m  [1m[34mSELECT sqlite_version(*)[0m
  [1m[36mActiveRecord::SchemaMigration Pluck (0.2ms)[0m  [1m[34mSELECT "schema_migrations"."version" FROM "schema_migrations" ORDER BY "schema_migrations"."version" ASC[0m
  [1m[35m (0.9ms)[0m  [1m[34mSELECT sqlite_version(*)[0m
  [1m[36mActiveRecord::SchemaMigration Pluck (0.2ms)[0m  [1m[34mSELECT "schema_migrations"."version" FROM "schema_migrations" ORDER BY "schema_migrations"."version" ASC[0m
Migrating to CreateAuctions (20220122010218)
  [1m[36mTRANSACTION (0.1ms)[0m  [1m[36mbegin transaction[0m
  [1m[35m (0.9ms)[0m  [1m[35mCREATE TABLE "auctions" ("id" integer PRIMARY KEY AUTOINCREMENT NOT NULL, "url" varchar, "email" varchar, "proname" varchar, "price" varchar, "start" varchar, "finish" varchar, "bid_number" varchar, "remain_time" varchar, "created_at" datetime(6) NOT NULL, "updated_at" datetime(6) NOT NULL)[0m
  [1m[36mActiveRecord::SchemaMigration Create (0.2ms)[0m  [1m[32mINSERT INTO "schema_migrations" ("version") VALUES (?)[0m  [["version", "20220122010218"]]
  [1m[36mTRANSACTION (0.6ms)[0m  [1m[36mcommit transaction[0m
  [1m[36mActiveRecord::InternalMetadata Load (1.1ms)[0m  [1m[34mSELECT "ar_internal_metadata".* FROM "ar_internal_metadata" WHERE "ar_internal_metadata"."key" = ? LIMIT ?[0m  [["key", "environment"], ["LIMIT", 1]]
  [1m[35m (0.0ms)[0m  [1m[34mSELECT sqlite_version(*)[0m
  [1m[36mActiveRecord::SchemaMigration Pluck (0.1ms)[0m  [1m[34mSELECT "schema_migrations"."version" FROM "schema_migrations" ORDER BY "schema_migrations"."version" ASC[0m
  [1m[35m (0.9ms)[0m  [1m[34mSELECT sqlite_version(*)[0m
  [1m[36mActiveRecord::SchemaMigration Pluck (0.1ms)[0m  [1m[34mSELECT "schema_migrations"."version" FROM "schema_migrations" ORDER BY "schema_migrations"."version" ASC[0m
  [1m[35m (1.1ms)[0m  [1m[34mSELECT sqlite_version(*)[0m
  [1m[36mTRANSACTION (0.1ms)[0m  [1m[36mbegin transaction[0m
  [1m[36mAuction Create (1.2ms)[0m  [1m[32mINSERT INTO "auctions" ("url", "email", "proname", "price", "start", "finish", "bid_number", "remain_time", "created_at", "updated_at") VALUES (?, ?, ?, ?, ?, ?, ?, ?, ?, ?)[0m  [["url", "https://page.auctions.yahoo.co.jp/jp/auction/1031905319"], ["email", "test@test.com"], ["proname", "PSVitaソフト 大量 72個 まとめ ロット ゲームソフト"], ["price", "15555"], ["start", "2022.01.15（土）13:42"], ["finish", "2022.01.22（土）22:42"], ["bid_number", "36件"], ["remain_time", "13時間"], ["created_at", "2022-01-22 01:41:39.630447"], ["updated_at", "2022-01-22 01:41:39.630447"]]
  [1m[36mTRANSACTION (0.9ms)[0m  [1m[36mcommit transaction[0m
  [1m[36mAuction Load (0.3ms)[0m  [1m[34mSELECT "auctions".* FROM "auctions"[0m
  [1m[36mTRANSACTION (0.2ms)[0m  [1m[36mbegin transaction[0m
  [1m[36mAuction Create (1.2ms)[0m  [1m[32mINSERT INTO "auctions" ("url", "email", "proname", "price", "start", "finish", "bid_number", "remain_time", "created_at", "updated_at") VALUES (?, ?, ?, ?, ?, ?, ?, ?, ?, ?)[0m  [["url", "https://page.auctions.yahoo.co.jp/jp/auction/1031905319"], ["email", "test@test.com"], ["proname", "PSVitaソフト 大量 72個 まとめ ロット ゲームソフト"], ["price", "15555"], ["start", "2022.01.15（土）13:42"], ["finish", "2022.01.22（土）22:42"], ["bid_number", "36件"], ["remain_time", "13時間"], ["created_at", "2022-01-22 01:52:42.651762"], ["updated_at", "2022-01-22 01:52:42.651762"]]
  [1m[36mTRANSACTION (1.2ms)[0m  [1m[36mcommit transaction[0m
  [1m[36mAuction Load (0.3ms)[0m  [1m[34mSELECT "auctions".* FROM "auctions"[0m
Started GET "/auctions/new" for ::1 at 2022-01-22 10:53:12 +0900
  [1m[35m (0.9ms)[0m  [1m[34mSELECT sqlite_version(*)[0m
  [1m[36mActiveRecord::SchemaMigration Pluck (0.1ms)[0m  [1m[34mSELECT "schema_migrations"."version" FROM "schema_migrations" ORDER BY "schema_migrations"."version" ASC[0m
Processing by AuctionsController#new as HTML
  [1m[36mAuction Count (0.2ms)[0m  [1m[34mSELECT COUNT(*) FROM "auctions"[0m
  ↳ app/controllers/auctions_controller.rb:12:in `new'
  Rendering layout layouts/application.html.erb
  Rendering auctions/new.html.erb within layouts/application
  Rendered auctions/new.html.erb within layouts/application (Duration: 10.1ms | Allocations: 2339)
  Rendered layout layouts/application.html.erb (Duration: 52.6ms | Allocations: 37005)
Completed 200 OK in 76ms (Views: 56.1ms | ActiveRecord: 0.7ms | Allocations: 55992)


Started GET "/" for ::1 at 2022-01-22 10:53:14 +0900
Processing by AuctionsController#index as HTML
  [1m[36mAuction Count (0.6ms)[0m  [1m[34mSELECT COUNT(*) FROM "auctions"[0m
  ↳ app/controllers/auctions_controller.rb:7:in `index'
  Rendering layout layouts/application.html.erb
  Rendering auctions/index.html.erb within layouts/application
  [1m[36mAuction Load (0.4ms)[0m  [1m[34mSELECT "auctions".* FROM "auctions"[0m
  ↳ app/views/auctions/index.html.erb:17
  Rendered auctions/index.html.erb within layouts/application (Duration: 4.7ms | Allocations: 1343)
  Rendered layout layouts/application.html.erb (Duration: 9.0ms | Allocations: 3863)
Completed 200 OK in 16ms (Views: 10.0ms | ActiveRecord: 0.9ms | Allocations: 4856)


Started GET "/auctions/new" for ::1 at 2022-01-22 10:53:17 +0900
Processing by AuctionsController#new as HTML
  [1m[36mAuction Count (0.4ms)[0m  [1m[34mSELECT COUNT(*) FROM "auctions"[0m
  ↳ app/controllers/auctions_controller.rb:12:in `new'
  Rendering layout layouts/application.html.erb
  Rendering auctions/new.html.erb within layouts/application
  Rendered auctions/new.html.erb within layouts/application (Duration: 3.8ms | Allocations: 625)
  Rendered layout layouts/application.html.erb (Duration: 8.4ms | Allocations: 2663)
Completed 200 OK in 14ms (Views: 9.5ms | ActiveRecord: 0.4ms | Allocations: 3471)


Started GET "/auctions/new" for ::1 at 2022-01-22 10:53:30 +0900
Processing by AuctionsController#new as HTML
  [1m[36mAuction Count (0.5ms)[0m  [1m[34mSELECT COUNT(*) FROM "auctions"[0m
  ↳ app/controllers/auctions_controller.rb:12:in `new'
  Rendering layout layouts/application.html.erb
  Rendering auctions/new.html.erb within layouts/application
  Rendered auctions/new.html.erb within layouts/application (Duration: 1.9ms | Allocations: 673)
  Rendered layout layouts/application.html.erb (Duration: 7.2ms | Allocations: 3597)
Completed 200 OK in 16ms (Views: 10.8ms | ActiveRecord: 0.5ms | Allocations: 5270)


Started GET "/" for ::1 at 2022-01-22 10:53:32 +0900
Processing by AuctionsController#index as HTML
  [1m[36mAuction Count (0.3ms)[0m  [1m[34mSELECT COUNT(*) FROM "auctions"[0m
  ↳ app/controllers/auctions_controller.rb:7:in `index'
  Rendering layout layouts/application.html.erb
  Rendering auctions/index.html.erb within layouts/application
  [1m[36mAuction Load (0.3ms)[0m  [1m[34mSELECT "auctions".* FROM "auctions"[0m
  ↳ app/views/auctions/index.html.erb:17
  Rendered auctions/index.html.erb within layouts/application (Duration: 3.5ms | Allocations: 1299)
  Rendered layout layouts/application.html.erb (Duration: 11.8ms | Allocations: 4230)
Completed 200 OK in 20ms (Views: 15.6ms | ActiveRecord: 0.5ms | Allocations: 5967)


Started GET "/auctions/new" for ::1 at 2022-01-22 10:53:33 +0900
Processing by AuctionsController#new as HTML
  [1m[36mAuction Count (0.3ms)[0m  [1m[34mSELECT COUNT(*) FROM "auctions"[0m
  ↳ app/controllers/auctions_controller.rb:12:in `new'
  Rendering layout layouts/application.html.erb
  Rendering auctions/new.html.erb within layouts/application
  Rendered auctions/new.html.erb within layouts/application (Duration: 3.0ms | Allocations: 600)
  Rendered layout layouts/application.html.erb (Duration: 8.4ms | Allocations: 2984)
Completed 200 OK in 13ms (Views: 9.3ms | ActiveRecord: 0.3ms | Allocations: 3870)


Started GET "/" for ::1 at 2022-01-22 10:53:37 +0900
Processing by AuctionsController#index as HTML
  [1m[36mAuction Count (0.4ms)[0m  [1m[34mSELECT COUNT(*) FROM "auctions"[0m
  ↳ app/controllers/auctions_controller.rb:7:in `index'
  Rendering layout layouts/application.html.erb
  Rendering auctions/index.html.erb within layouts/application
  [1m[36mAuction Load (0.3ms)[0m  [1m[34mSELECT "auctions".* FROM "auctions"[0m
  ↳ app/views/auctions/index.html.erb:17
  Rendered auctions/index.html.erb within layouts/application (Duration: 3.1ms | Allocations: 676)
  Rendered layout layouts/application.html.erb (Duration: 11.3ms | Allocations: 3042)
Completed 200 OK in 16ms (Views: 12.1ms | ActiveRecord: 0.7ms | Allocations: 3812)


Started GET "/" for ::1 at 2022-01-22 10:53:44 +0900
Processing by AuctionsController#index as HTML
  [1m[36mAuction Count (0.3ms)[0m  [1m[34mSELECT COUNT(*) FROM "auctions"[0m
  ↳ app/controllers/auctions_controller.rb:7:in `index'
  Rendering layout layouts/application.html.erb
  Rendering auctions/index.html.erb within layouts/application
  [1m[36mAuction Load (0.2ms)[0m  [1m[34mSELECT "auctions".* FROM "auctions"[0m
  ↳ app/views/auctions/index.html.erb:17
  Rendered auctions/index.html.erb within layouts/application (Duration: 4.6ms | Allocations: 1299)
  Rendered layout layouts/application.html.erb (Duration: 15.6ms | Allocations: 4226)
Completed 200 OK in 21ms (Views: 17.7ms | ActiveRecord: 0.5ms | Allocations: 5854)


Started GET "/auctions/new" for ::1 at 2022-01-22 10:53:45 +0900
Processing by AuctionsController#new as HTML
  [1m[36mAuction Count (0.3ms)[0m  [1m[34mSELECT COUNT(*) FROM "auctions"[0m
  ↳ app/controllers/auctions_controller.rb:12:in `new'
  Rendering layout layouts/application.html.erb
  Rendering auctions/new.html.erb within layouts/application
  Rendered auctions/new.html.erb within layouts/application (Duration: 3.4ms | Allocations: 1225)
  Rendered layout layouts/application.html.erb (Duration: 6.4ms | Allocations: 3262)
Completed 200 OK in 14ms (Views: 7.2ms | ActiveRecord: 0.3ms | Allocations: 4148)


Started POST "/auctions" for ::1 at 2022-01-22 10:53:48 +0900
Processing by AuctionsController#create as TURBO_STREAM
  Parameters: {"authenticity_token"=>"[FILTERED]", "auction"=>{"url"=>"", "email"=>""}, "commit"=>"登録"}
Redirected to http://localhost:3000/auctions/new
Completed 302 Found in 3ms (ActiveRecord: 0.0ms | Allocations: 932)


Started GET "/auctions/new" for ::1 at 2022-01-22 10:53:48 +0900
Processing by AuctionsController#new as TURBO_STREAM
  [1m[36mAuction Count (0.2ms)[0m  [1m[34mSELECT COUNT(*) FROM "auctions"[0m
  ↳ app/controllers/auctions_controller.rb:12:in `new'
  Rendering layout layouts/application.html.erb
  Rendering auctions/new.html.erb within layouts/application
  Rendered auctions/new.html.erb within layouts/application (Duration: 1.4ms | Allocations: 672)
  Rendered layout layouts/application.html.erb (Duration: 20.2ms | Allocations: 2817)
Completed 200 OK in 23ms (Views: 20.8ms | ActiveRecord: 0.2ms | Allocations: 3767)


Started GET "/" for ::1 at 2022-01-22 10:53:49 +0900
Processing by AuctionsController#index as HTML
  [1m[36mAuction Count (0.4ms)[0m  [1m[34mSELECT COUNT(*) FROM "auctions"[0m
  ↳ app/controllers/auctions_controller.rb:7:in `index'
  Rendering layout layouts/application.html.erb
  Rendering auctions/index.html.erb within layouts/application
  [1m[36mAuction Load (0.4ms)[0m  [1m[34mSELECT "auctions".* FROM "auctions"[0m
  ↳ app/views/auctions/index.html.erb:17
  Rendered auctions/index.html.erb within layouts/application (Duration: 5.5ms | Allocations: 688)
  Rendered layout layouts/application.html.erb (Duration: 12.9ms | Allocations: 3063)
Completed 200 OK in 19ms (Views: 13.7ms | ActiveRecord: 0.8ms | Allocations: 3833)


Started GET "/" for ::1 at 2022-01-22 11:02:35 +0900
  [1m[35m (0.1ms)[0m  [1m[34mSELECT sqlite_version(*)[0m
  [1m[36mActiveRecord::SchemaMigration Pluck (0.1ms)[0m  [1m[34mSELECT "schema_migrations"."version" FROM "schema_migrations" ORDER BY "schema_migrations"."version" ASC[0m
Processing by AuctionsController#index as HTML
  [1m[36mAuction Count (0.3ms)[0m  [1m[34mSELECT COUNT(*) FROM "auctions"[0m
  ↳ app/controllers/auctions_controller.rb:7:in `index'
  Rendering layout layouts/application.html.erb
  Rendering auctions/index.html.erb within layouts/application
  [1m[36mAuction Load (0.2ms)[0m  [1m[34mSELECT "auctions".* FROM "auctions"[0m
  ↳ app/views/auctions/index.html.erb:27
  Rendered auctions/index.html.erb within layouts/application (Duration: 4.6ms | Allocations: 3337)
  Rendered layout layouts/application.html.erb (Duration: 21.3ms | Allocations: 17526)
Completed 200 OK in 28ms (Views: 22.7ms | ActiveRecord: 0.5ms | Allocations: 20241)


Started GET "/" for ::1 at 2022-01-22 11:02:59 +0900
Processing by AuctionsController#index as HTML
  [1m[36mAuction Count (0.4ms)[0m  [1m[34mSELECT COUNT(*) FROM "auctions"[0m
  ↳ app/controllers/auctions_controller.rb:7:in `index'
  Rendering layout layouts/application.html.erb
  Rendering auctions/index.html.erb within layouts/application
  [1m[36mAuction Load (0.3ms)[0m  [1m[34mSELECT "auctions".* FROM "auctions"[0m
  ↳ app/views/auctions/index.html.erb:27
  Rendered auctions/index.html.erb within layouts/application (Duration: 4.4ms | Allocations: 1325)
  Rendered layout layouts/application.html.erb (Duration: 12.0ms | Allocations: 4277)
Completed 200 OK in 20ms (Views: 15.6ms | ActiveRecord: 0.7ms | Allocations: 5939)


Started GET "/" for ::1 at 2022-01-22 11:04:55 +0900
Processing by AuctionsController#index as HTML
  [1m[36mAuction Count (0.3ms)[0m  [1m[34mSELECT COUNT(*) FROM "auctions"[0m
  ↳ app/controllers/auctions_controller.rb:7:in `index'
  Rendering layout layouts/application.html.erb
  Rendering auctions/index.html.erb within layouts/application
  [1m[36mAuction Load (0.5ms)[0m  [1m[34mSELECT "auctions".* FROM "auctions"[0m
  ↳ app/views/auctions/index.html.erb:24
  Rendered auctions/index.html.erb within layouts/application (Duration: 4.7ms | Allocations: 1434)
  Rendered layout layouts/application.html.erb (Duration: 11.7ms | Allocations: 4368)
Completed 200 OK in 20ms (Views: 14.6ms | ActiveRecord: 0.8ms | Allocations: 6034)


Started GET "/" for ::1 at 2022-01-22 11:05:43 +0900
Processing by AuctionsController#index as HTML
  [1m[36mAuction Count (0.3ms)[0m  [1m[34mSELECT COUNT(*) FROM "auctions"[0m
  ↳ app/controllers/auctions_controller.rb:7:in `index'
  Rendering layout layouts/application.html.erb
  Rendering auctions/index.html.erb within layouts/application
  [1m[36mAuction Load (0.2ms)[0m  [1m[34mSELECT "auctions".* FROM "auctions"[0m
  ↳ app/views/auctions/index.html.erb:24
  Rendered auctions/index.html.erb within layouts/application (Duration: 2.7ms | Allocations: 1598)
  Rendered layout layouts/application.html.erb (Duration: 7.0ms | Allocations: 4541)
Completed 200 OK in 14ms (Views: 10.1ms | ActiveRecord: 0.5ms | Allocations: 6207)


Started GET "/auctions/new" for ::1 at 2022-01-22 11:06:34 +0900
Processing by AuctionsController#new as HTML
  [1m[36mAuction Count (0.3ms)[0m  [1m[34mSELECT COUNT(*) FROM "auctions"[0m
  ↳ app/controllers/auctions_controller.rb:12:in `new'
  Rendering layout layouts/application.html.erb
  Rendering auctions/new.html.erb within layouts/application
  Rendered auctions/new.html.erb within layouts/application (Duration: 3.6ms | Allocations: 1390)
  Rendered layout layouts/application.html.erb (Duration: 7.8ms | Allocations: 3931)
Completed 200 OK in 16ms (Views: 11.2ms | ActiveRecord: 0.3ms | Allocations: 5648)


Started GET "/" for ::1 at 2022-01-22 11:07:34 +0900
Processing by AuctionsController#index as HTML
  [1m[36mAuction Count (0.5ms)[0m  [1m[34mSELECT COUNT(*) FROM "auctions"[0m
  ↳ app/controllers/auctions_controller.rb:7:in `index'
  Rendering layout layouts/application.html.erb
  Rendering auctions/index.html.erb within layouts/application
  [1m[36mAuction Load (0.2ms)[0m  [1m[34mSELECT "auctions".* FROM "auctions"[0m
  ↳ app/views/auctions/index.html.erb:26
  Rendered auctions/index.html.erb within layouts/application (Duration: 3.5ms | Allocations: 1377)
  Rendered layout layouts/application.html.erb (Duration: 10.1ms | Allocations: 4320)
Completed 200 OK in 20ms (Views: 15.4ms | ActiveRecord: 0.7ms | Allocations: 6034)


Started GET "/" for ::1 at 2022-01-22 11:08:19 +0900
Processing by AuctionsController#index as HTML
  [1m[36mAuction Count (0.4ms)[0m  [1m[34mSELECT COUNT(*) FROM "auctions"[0m
  ↳ app/controllers/auctions_controller.rb:7:in `index'
  Rendering layout layouts/application.html.erb
  Rendering auctions/index.html.erb within layouts/application
  [1m[36mAuction Load (0.2ms)[0m  [1m[34mSELECT "auctions".* FROM "auctions"[0m
  ↳ app/views/auctions/index.html.erb:27
  Rendered auctions/index.html.erb within layouts/application (Duration: 26.9ms | Allocations: 15980)
  Rendered layout layouts/application.html.erb (Duration: 27.2ms | Allocations: 16086)
Completed 500 Internal Server Error in 35ms (ActiveRecord: 0.7ms | Allocations: 17748)


  
ActionView::Template::Error (undefined local variable or method `form' for #<ActionView::Base:0x0000000000fa28>
Did you mean?  for
               fork):
    34:     <td><%= auction.bid_number %></td>
    35:     <td><%= auction.remain_time %></td>
    36:     <td><%= auction.remain_time %></td>
    37:     <%= link_to "削除", "/forms/#{form.id}", data: { turbo_method: :delete } %>
    38: <% end %>
    39: </table>
  
app/views/auctions/index.html.erb:37
app/views/auctions/index.html.erb:27
Started GET "/" for ::1 at 2022-01-22 11:08:43 +0900
Processing by AuctionsController#index as HTML
  [1m[36mAuction Count (0.4ms)[0m  [1m[34mSELECT COUNT(*) FROM "auctions"[0m
  ↳ app/controllers/auctions_controller.rb:7:in `index'
  Rendering layout layouts/application.html.erb
  Rendering auctions/index.html.erb within layouts/application
  [1m[36mAuction Load (0.2ms)[0m  [1m[34mSELECT "auctions".* FROM "auctions"[0m
  ↳ app/views/auctions/index.html.erb:27
  Rendered auctions/index.html.erb within layouts/application (Duration: 4.1ms | Allocations: 1507)
  Rendered layout layouts/application.html.erb (Duration: 9.2ms | Allocations: 4455)
Completed 200 OK in 18ms (Views: 12.1ms | ActiveRecord: 0.6ms | Allocations: 6170)


Started GET "/" for ::1 at 2022-01-22 11:08:45 +0900
Processing by AuctionsController#index as HTML
  [1m[36mAuction Count (0.4ms)[0m  [1m[34mSELECT COUNT(*) FROM "auctions"[0m
  ↳ app/controllers/auctions_controller.rb:7:in `index'
  Rendering layout layouts/application.html.erb
  Rendering auctions/index.html.erb within layouts/application
  [1m[36mAuction Load (0.2ms)[0m  [1m[34mSELECT "auctions".* FROM "auctions"[0m
  ↳ app/views/auctions/index.html.erb:27
  Rendered auctions/index.html.erb within layouts/application (Duration: 3.0ms | Allocations: 706)
  Rendered layout layouts/application.html.erb (Duration: 8.4ms | Allocations: 3078)
Completed 200 OK in 13ms (Views: 9.5ms | ActiveRecord: 0.6ms | Allocations: 3884)


Started GET "/" for ::1 at 2022-01-22 11:09:13 +0900
Processing by AuctionsController#index as HTML
  [1m[36mAuction Count (0.4ms)[0m  [1m[34mSELECT COUNT(*) FROM "auctions"[0m
  ↳ app/controllers/auctions_controller.rb:7:in `index'
  Rendering layout layouts/application.html.erb
  Rendering auctions/index.html.erb within layouts/application
  [1m[36mAuction Load (0.2ms)[0m  [1m[34mSELECT "auctions".* FROM "auctions"[0m
  ↳ app/views/auctions/index.html.erb:27
  Rendered auctions/index.html.erb within layouts/application (Duration: 4.5ms | Allocations: 1473)
  Rendered layout layouts/application.html.erb (Duration: 12.9ms | Allocations: 4418)
Completed 200 OK in 22ms (Views: 16.9ms | ActiveRecord: 0.6ms | Allocations: 6046)


Started DELETE "/auctions/" for ::1 at 2022-01-22 11:09:18 +0900
  
ActionController::RoutingError (No route matches [DELETE] "/auctions"):
  
Started GET "/" for ::1 at 2022-01-22 11:09:18 +0900
Processing by AuctionsController#index as HTML
  [1m[36mAuction Count (0.2ms)[0m  [1m[34mSELECT COUNT(*) FROM "auctions"[0m
  ↳ app/controllers/auctions_controller.rb:7:in `index'
  Rendering layout layouts/application.html.erb
  Rendering auctions/index.html.erb within layouts/application
  [1m[36mAuction Load (0.1ms)[0m  [1m[34mSELECT "auctions".* FROM "auctions"[0m
  ↳ app/views/auctions/index.html.erb:27
  Rendered auctions/index.html.erb within layouts/application (Duration: 1.3ms | Allocations: 733)
  Rendered layout layouts/application.html.erb (Duration: 4.3ms | Allocations: 3214)
Completed 200 OK in 6ms (Views: 4.6ms | ActiveRecord: 0.3ms | Allocations: 4088)


Started DELETE "/auctions/" for ::1 at 2022-01-22 11:09:20 +0900
  
ActionController::RoutingError (No route matches [DELETE] "/auctions"):
  
Started GET "/" for ::1 at 2022-01-22 11:09:20 +0900
Processing by AuctionsController#index as HTML
  [1m[36mAuction Count (0.2ms)[0m  [1m[34mSELECT COUNT(*) FROM "auctions"[0m
  ↳ app/controllers/auctions_controller.rb:7:in `index'
  Rendering layout layouts/application.html.erb
  Rendering auctions/index.html.erb within layouts/application
  [1m[36mAuction Load (0.1ms)[0m  [1m[34mSELECT "auctions".* FROM "auctions"[0m
  ↳ app/views/auctions/index.html.erb:27
  Rendered auctions/index.html.erb within layouts/application (Duration: 2.1ms | Allocations: 1476)
  Rendered layout layouts/application.html.erb (Duration: 5.4ms | Allocations: 4422)
Completed 200 OK in 9ms (Views: 6.8ms | ActiveRecord: 0.3ms | Allocations: 6003)


Started GET "/" for ::1 at 2022-01-22 11:09:26 +0900
Processing by AuctionsController#index as HTML
  [1m[36mAuction Count (0.4ms)[0m  [1m[34mSELECT COUNT(*) FROM "auctions"[0m
  ↳ app/controllers/auctions_controller.rb:7:in `index'
  Rendering layout layouts/application.html.erb
  Rendering auctions/index.html.erb within layouts/application
  [1m[36mAuction Load (0.3ms)[0m  [1m[34mSELECT "auctions".* FROM "auctions"[0m
  ↳ app/views/auctions/index.html.erb:27
  Rendered auctions/index.html.erb within layouts/application (Duration: 3.4ms | Allocations: 704)
  Rendered layout layouts/application.html.erb (Duration: 9.9ms | Allocations: 3080)
Completed 200 OK in 15ms (Views: 10.7ms | ActiveRecord: 0.7ms | Allocations: 3884)


Started GET "/" for ::1 at 2022-01-22 11:09:45 +0900
Processing by AuctionsController#index as HTML
  [1m[36mAuction Count (0.5ms)[0m  [1m[34mSELECT COUNT(*) FROM "auctions"[0m
  ↳ app/controllers/auctions_controller.rb:7:in `index'
  Rendering layout layouts/application.html.erb
  Rendering auctions/index.html.erb within layouts/application
  [1m[36mAuction Load (0.3ms)[0m  [1m[34mSELECT "auctions".* FROM "auctions"[0m
  ↳ app/views/auctions/index.html.erb:27
  Rendered auctions/index.html.erb within layouts/application (Duration: 4.4ms | Allocations: 1473)
  Rendered layout layouts/application.html.erb (Duration: 11.9ms | Allocations: 4425)
Completed 200 OK in 23ms (Views: 14.8ms | ActiveRecord: 0.7ms | Allocations: 6051)


Started DELETE "/auctions/" for ::1 at 2022-01-22 11:09:47 +0900
  
ActionController::RoutingError (No route matches [DELETE] "/auctions"):
  
Started GET "/" for ::1 at 2022-01-22 11:09:47 +0900
Processing by AuctionsController#index as HTML
  [1m[36mAuction Count (0.2ms)[0m  [1m[34mSELECT COUNT(*) FROM "auctions"[0m
  ↳ app/controllers/auctions_controller.rb:7:in `index'
  Rendering layout layouts/application.html.erb
  Rendering auctions/index.html.erb within layouts/application
  [1m[36mAuction Load (0.1ms)[0m  [1m[34mSELECT "auctions".* FROM "auctions"[0m
  ↳ app/views/auctions/index.html.erb:27
  Rendered auctions/index.html.erb within layouts/application (Duration: 1.8ms | Allocations: 1473)
  Rendered layout layouts/application.html.erb (Duration: 5.3ms | Allocations: 4416)
Completed 200 OK in 9ms (Views: 6.8ms | ActiveRecord: 0.3ms | Allocations: 6034)


Started DELETE "/auctions/" for ::1 at 2022-01-22 11:09:47 +0900
  
ActionController::RoutingError (No route matches [DELETE] "/auctions"):
  
Started GET "/" for ::1 at 2022-01-22 11:09:48 +0900
Processing by AuctionsController#index as HTML
  [1m[36mAuction Count (0.2ms)[0m  [1m[34mSELECT COUNT(*) FROM "auctions"[0m
  ↳ app/controllers/auctions_controller.rb:7:in `index'
  Rendering layout layouts/application.html.erb
  Rendering auctions/index.html.erb within layouts/application
  [1m[36mAuction Load (0.1ms)[0m  [1m[34mSELECT "auctions".* FROM "auctions"[0m
  ↳ app/views/auctions/index.html.erb:27
  Rendered auctions/index.html.erb within layouts/application (Duration: 1.5ms | Allocations: 704)
  Rendered layout layouts/application.html.erb (Duration: 4.4ms | Allocations: 3110)
Completed 200 OK in 6ms (Views: 4.7ms | ActiveRecord: 0.2ms | Allocations: 3915)


Started DELETE "/auctions/" for ::1 at 2022-01-22 11:09:48 +0900
  
ActionController::RoutingError (No route matches [DELETE] "/auctions"):
  
Started GET "/" for ::1 at 2022-01-22 11:09:48 +0900
Processing by AuctionsController#index as HTML
  [1m[36mAuction Count (0.2ms)[0m  [1m[34mSELECT COUNT(*) FROM "auctions"[0m
  ↳ app/controllers/auctions_controller.rb:7:in `index'
  Rendering layout layouts/application.html.erb
  Rendering auctions/index.html.erb within layouts/application
  [1m[36mAuction Load (0.1ms)[0m  [1m[34mSELECT "auctions".* FROM "auctions"[0m
  ↳ app/views/auctions/index.html.erb:27
  Rendered auctions/index.html.erb within layouts/application (Duration: 1.2ms | Allocations: 704)
  Rendered layout layouts/application.html.erb (Duration: 3.9ms | Allocations: 3089)
Completed 200 OK in 6ms (Views: 4.2ms | ActiveRecord: 0.2ms | Allocations: 3853)


Started DELETE "/auctions/" for ::1 at 2022-01-22 11:09:49 +0900
  
ActionController::RoutingError (No route matches [DELETE] "/auctions"):
  
Started GET "/" for ::1 at 2022-01-22 11:09:49 +0900
Processing by AuctionsController#index as HTML
  [1m[36mAuction Count (0.2ms)[0m  [1m[34mSELECT COUNT(*) FROM "auctions"[0m
  ↳ app/controllers/auctions_controller.rb:7:in `index'
  Rendering layout layouts/application.html.erb
  Rendering auctions/index.html.erb within layouts/application
  [1m[36mAuction Load (0.1ms)[0m  [1m[34mSELECT "auctions".* FROM "auctions"[0m
  ↳ app/views/auctions/index.html.erb:27
  Rendered auctions/index.html.erb within layouts/application (Duration: 4.5ms | Allocations: 704)
  Rendered layout layouts/application.html.erb (Duration: 7.5ms | Allocations: 3074)
Completed 200 OK in 10ms (Views: 7.7ms | ActiveRecord: 0.3ms | Allocations: 3839)


Started DELETE "/auctions/" for ::1 at 2022-01-22 11:09:50 +0900
  
ActionController::RoutingError (No route matches [DELETE] "/auctions"):
  
Started GET "/" for ::1 at 2022-01-22 11:09:50 +0900
Processing by AuctionsController#index as HTML
  [1m[36mAuction Count (0.2ms)[0m  [1m[34mSELECT COUNT(*) FROM "auctions"[0m
  ↳ app/controllers/auctions_controller.rb:7:in `index'
  Rendering layout layouts/application.html.erb
  Rendering auctions/index.html.erb within layouts/application
  [1m[36mAuction Load (0.1ms)[0m  [1m[34mSELECT "auctions".* FROM "auctions"[0m
  ↳ app/views/auctions/index.html.erb:27
  Rendered auctions/index.html.erb within layouts/application (Duration: 1.1ms | Allocations: 704)
  Rendered layout layouts/application.html.erb (Duration: 3.8ms | Allocations: 3095)
Completed 200 OK in 6ms (Views: 4.3ms | ActiveRecord: 0.3ms | Allocations: 3859)


Started DELETE "/auctions/" for ::1 at 2022-01-22 11:09:52 +0900
  
ActionController::RoutingError (No route matches [DELETE] "/auctions"):
  
Started GET "/" for ::1 at 2022-01-22 11:09:52 +0900
Processing by AuctionsController#index as HTML
  [1m[36mAuction Count (0.2ms)[0m  [1m[34mSELECT COUNT(*) FROM "auctions"[0m
  ↳ app/controllers/auctions_controller.rb:7:in `index'
  Rendering layout layouts/application.html.erb
  Rendering auctions/index.html.erb within layouts/application
  [1m[36mAuction Load (0.1ms)[0m  [1m[34mSELECT "auctions".* FROM "auctions"[0m
  ↳ app/views/auctions/index.html.erb:27
  Rendered auctions/index.html.erb within layouts/application (Duration: 1.0ms | Allocations: 704)
  Rendered layout layouts/application.html.erb (Duration: 4.4ms | Allocations: 3083)
Completed 200 OK in 6ms (Views: 4.7ms | ActiveRecord: 0.2ms | Allocations: 3847)


Started DELETE "/auctions/" for ::1 at 2022-01-22 11:11:12 +0900
  
ActionController::RoutingError (No route matches [DELETE] "/auctions"):
  
Started GET "/" for ::1 at 2022-01-22 11:11:13 +0900
Processing by AuctionsController#index as HTML
  [1m[36mAuction Count (0.2ms)[0m  [1m[34mSELECT COUNT(*) FROM "auctions"[0m
  ↳ app/controllers/auctions_controller.rb:7:in `index'
  Rendering layout layouts/application.html.erb
  Rendering auctions/index.html.erb within layouts/application
  [1m[36mAuction Load (0.1ms)[0m  [1m[34mSELECT "auctions".* FROM "auctions"[0m
  ↳ app/views/auctions/index.html.erb:27
  Rendered auctions/index.html.erb within layouts/application (Duration: 1.1ms | Allocations: 704)
  Rendered layout layouts/application.html.erb (Duration: 4.5ms | Allocations: 3086)
Completed 200 OK in 7ms (Views: 4.7ms | ActiveRecord: 0.3ms | Allocations: 3851)


Started DELETE "/auctions/" for ::1 at 2022-01-22 11:11:13 +0900
  
ActionController::RoutingError (No route matches [DELETE] "/auctions"):
  
Started GET "/" for ::1 at 2022-01-22 11:11:13 +0900
Processing by AuctionsController#index as HTML
  [1m[36mAuction Count (0.2ms)[0m  [1m[34mSELECT COUNT(*) FROM "auctions"[0m
  ↳ app/controllers/auctions_controller.rb:7:in `index'
  Rendering layout layouts/application.html.erb
  Rendering auctions/index.html.erb within layouts/application
  [1m[36mAuction Load (0.1ms)[0m  [1m[34mSELECT "auctions".* FROM "auctions"[0m
  ↳ app/views/auctions/index.html.erb:27
  Rendered auctions/index.html.erb within layouts/application (Duration: 1.1ms | Allocations: 704)
  Rendered layout layouts/application.html.erb (Duration: 4.1ms | Allocations: 3107)
Completed 200 OK in 6ms (Views: 4.5ms | ActiveRecord: 0.2ms | Allocations: 3871)


Started GET "/" for ::1 at 2022-01-22 11:12:34 +0900
Processing by AuctionsController#index as HTML
  [1m[36mAuction Count (0.3ms)[0m  [1m[34mSELECT COUNT(*) FROM "auctions"[0m
  ↳ app/controllers/auctions_controller.rb:7:in `index'
  Rendering layout layouts/application.html.erb
  Rendering auctions/index.html.erb within layouts/application
  [1m[36mAuction Load (0.2ms)[0m  [1m[34mSELECT "auctions".* FROM "auctions"[0m
  ↳ app/views/auctions/index.html.erb:27
  Rendered auctions/index.html.erb within layouts/application (Duration: 4.4ms | Allocations: 1716)
  Rendered layout layouts/application.html.erb (Duration: 10.7ms | Allocations: 4673)
Completed 200 OK in 18ms (Views: 13.7ms | ActiveRecord: 0.5ms | Allocations: 6298)


Started GET "/" for ::1 at 2022-01-22 11:12:43 +0900
  [1m[35m (1.0ms)[0m  [1m[34mSELECT sqlite_version(*)[0m
  [1m[36mActiveRecord::SchemaMigration Pluck (0.1ms)[0m  [1m[34mSELECT "schema_migrations"."version" FROM "schema_migrations" ORDER BY "schema_migrations"."version" ASC[0m
Processing by AuctionsController#index as HTML
  [1m[36mAuction Count (0.2ms)[0m  [1m[34mSELECT COUNT(*) FROM "auctions"[0m
  ↳ app/controllers/auctions_controller.rb:7:in `index'
  Rendering layout layouts/application.html.erb
  Rendering auctions/index.html.erb within layouts/application
  [1m[36mAuction Load (0.2ms)[0m  [1m[34mSELECT "auctions".* FROM "auctions"[0m
  ↳ app/views/auctions/index.html.erb:27
  Rendered auctions/index.html.erb within layouts/application (Duration: 13.8ms | Allocations: 13118)
  Rendered layout layouts/application.html.erb (Duration: 65.3ms | Allocations: 48318)
Completed 200 OK in 80ms (Views: 68.5ms | ActiveRecord: 1.0ms | Allocations: 56339)


Started DELETE "/auctions/2" for ::1 at 2022-01-22 11:12:44 +0900
Processing by AuctionsController#destroy as TURBO_STREAM
  Parameters: {"id"=>"2"}
  [1m[36mAuction Load (0.3ms)[0m  [1m[34mSELECT "auctions".* FROM "auctions" WHERE "auctions"."id" = ? LIMIT ?[0m  [["id", 2], ["LIMIT", 1]]
  ↳ app/controllers/auctions_controller.rb:60:in `destroy'
  [1m[36mTRANSACTION (0.1ms)[0m  [1m[36mbegin transaction[0m
  ↳ app/controllers/auctions_controller.rb:61:in `destroy'
  [1m[36mAuction Destroy (0.6ms)[0m  [1m[31mDELETE FROM "auctions" WHERE "auctions"."id" = ?[0m  [["id", 2]]
  ↳ app/controllers/auctions_controller.rb:61:in `destroy'
  [1m[36mTRANSACTION (0.7ms)[0m  [1m[36mcommit transaction[0m
  ↳ app/controllers/auctions_controller.rb:61:in `destroy'
Redirected to http://localhost:3000/
Completed 303 See Other in 13ms (ActiveRecord: 1.7ms | Allocations: 4952)


Started GET "/" for ::1 at 2022-01-22 11:12:44 +0900
Processing by AuctionsController#index as TURBO_STREAM
  [1m[36mAuction Count (0.2ms)[0m  [1m[34mSELECT COUNT(*) FROM "auctions"[0m
  ↳ app/controllers/auctions_controller.rb:7:in `index'
  Rendering layout layouts/application.html.erb
  Rendering auctions/index.html.erb within layouts/application
  [1m[36mAuction Load (0.2ms)[0m  [1m[34mSELECT "auctions".* FROM "auctions"[0m
  ↳ app/views/auctions/index.html.erb:27
  Rendered auctions/index.html.erb within layouts/application (Duration: 1.8ms | Allocations: 694)
  Rendered layout layouts/application.html.erb (Duration: 5.8ms | Allocations: 3216)
Completed 200 OK in 8ms (Views: 6.2ms | ActiveRecord: 0.4ms | Allocations: 4095)


Started GET "/auctions/new" for ::1 at 2022-01-22 11:12:47 +0900
Processing by AuctionsController#new as HTML
  [1m[36mAuction Count (0.3ms)[0m  [1m[34mSELECT COUNT(*) FROM "auctions"[0m
  ↳ app/controllers/auctions_controller.rb:12:in `new'
  Rendering layout layouts/application.html.erb
  Rendering auctions/new.html.erb within layouts/application
  Rendered auctions/new.html.erb within layouts/application (Duration: 6.9ms | Allocations: 1663)
  Rendered layout layouts/application.html.erb (Duration: 11.6ms | Allocations: 3824)
Completed 200 OK in 16ms (Views: 12.3ms | ActiveRecord: 0.3ms | Allocations: 4761)


  [1m[35m (1.3ms)[0m  [1m[34mSELECT sqlite_version(*)[0m
  [1m[36mTRANSACTION (0.1ms)[0m  [1m[36mbegin transaction[0m
  [1m[36mAuction Create (0.6ms)[0m  [1m[32mINSERT INTO "auctions" ("url", "email", "proname", "price", "start", "finish", "bid_number", "remain_time", "created_at", "updated_at") VALUES (?, ?, ?, ?, ?, ?, ?, ?, ?, ?)[0m  [["url", "https://page.auctions.yahoo.co.jp/jp/auction/1031905319"], ["email", "test@test.com"], ["proname", "PSVitaソフト 大量 72個 まとめ ロット ゲームソフト"], ["price", "15555"], ["start", "2022.01.15（土）13:42"], ["finish", "2022.01.22（土）22:42"], ["bid_number", "36件"], ["remain_time", "13時間"], ["created_at", "2022-01-22 02:13:21.551987"], ["updated_at", "2022-01-22 02:13:21.551987"]]
  [1m[36mTRANSACTION (0.9ms)[0m  [1m[36mcommit transaction[0m
Started GET "/" for ::1 at 2022-01-22 11:13:36 +0900
  [1m[35m (1.0ms)[0m  [1m[34mSELECT sqlite_version(*)[0m
  [1m[36mActiveRecord::SchemaMigration Pluck (0.1ms)[0m  [1m[34mSELECT "schema_migrations"."version" FROM "schema_migrations" ORDER BY "schema_migrations"."version" ASC[0m
Processing by AuctionsController#index as HTML
  [1m[36mAuction Count (0.1ms)[0m  [1m[34mSELECT COUNT(*) FROM "auctions"[0m
  ↳ app/controllers/auctions_controller.rb:7:in `index'
  Rendering layout layouts/application.html.erb
  Rendering auctions/index.html.erb within layouts/application
  [1m[36mAuction Load (0.2ms)[0m  [1m[34mSELECT "auctions".* FROM "auctions"[0m
  ↳ app/views/auctions/index.html.erb:27
  Rendered auctions/index.html.erb within layouts/application (Duration: 11.2ms | Allocations: 13118)
  Rendered layout layouts/application.html.erb (Duration: 57.4ms | Allocations: 48177)
Completed 200 OK in 71ms (Views: 59.7ms | ActiveRecord: 1.0ms | Allocations: 56198)


Started GET "/" for ::1 at 2022-01-22 11:19:10 +0900
Processing by AuctionsController#index as HTML
  [1m[36mAuction Count (0.3ms)[0m  [1m[34mSELECT COUNT(*) FROM "auctions"[0m
  ↳ app/controllers/auctions_controller.rb:7:in `index'
  Rendering layout layouts/application.html.erb
  Rendering auctions/index.html.erb within layouts/application
  [1m[36mAuction Load (0.1ms)[0m  [1m[34mSELECT "auctions".* FROM "auctions"[0m
  ↳ app/views/auctions/index.html.erb:31
  Rendered auctions/index.html.erb within layouts/application (Duration: 3.2ms | Allocations: 1736)
  Rendered layout layouts/application.html.erb (Duration: 24.7ms | Allocations: 7205)
Completed 200 OK in 31ms (Views: 26.7ms | ActiveRecord: 0.5ms | Allocations: 8974)


Started GET "/" for ::1 at 2022-01-22 11:19:11 +0900
Processing by AuctionsController#index as HTML
  [1m[36mAuction Count (0.6ms)[0m  [1m[34mSELECT COUNT(*) FROM "auctions"[0m
  ↳ app/controllers/auctions_controller.rb:7:in `index'
  Rendering layout layouts/application.html.erb
  Rendering auctions/index.html.erb within layouts/application
  [1m[36mAuction Load (0.4ms)[0m  [1m[34mSELECT "auctions".* FROM "auctions"[0m
  ↳ app/views/auctions/index.html.erb:31
  Rendered auctions/index.html.erb within layouts/application (Duration: 3.4ms | Allocations: 751)
  Rendered layout layouts/application.html.erb (Duration: 8.5ms | Allocations: 3107)
Completed 200 OK in 14ms (Views: 9.2ms | ActiveRecord: 0.9ms | Allocations: 3929)


Started DELETE "/auctions/3" for ::1 at 2022-01-22 11:19:12 +0900
Processing by AuctionsController#destroy as TURBO_STREAM
  Parameters: {"id"=>"3"}
  [1m[36mAuction Load (0.3ms)[0m  [1m[34mSELECT "auctions".* FROM "auctions" WHERE "auctions"."id" = ? LIMIT ?[0m  [["id", 3], ["LIMIT", 1]]
  ↳ app/controllers/auctions_controller.rb:60:in `destroy'
  [1m[36mTRANSACTION (0.1ms)[0m  [1m[36mbegin transaction[0m
  ↳ app/controllers/auctions_controller.rb:61:in `destroy'
  [1m[36mAuction Destroy (0.6ms)[0m  [1m[31mDELETE FROM "auctions" WHERE "auctions"."id" = ?[0m  [["id", 3]]
  ↳ app/controllers/auctions_controller.rb:61:in `destroy'
  [1m[36mTRANSACTION (1.0ms)[0m  [1m[36mcommit transaction[0m
  ↳ app/controllers/auctions_controller.rb:61:in `destroy'
Redirected to http://localhost:3000/
Completed 303 See Other in 13ms (ActiveRecord: 2.0ms | Allocations: 4863)


Started GET "/" for ::1 at 2022-01-22 11:19:12 +0900
Processing by AuctionsController#index as TURBO_STREAM
  [1m[36mAuction Count (0.2ms)[0m  [1m[34mSELECT COUNT(*) FROM "auctions"[0m
  ↳ app/controllers/auctions_controller.rb:7:in `index'
  Rendering layout layouts/application.html.erb
  Rendering auctions/index.html.erb within layouts/application
  [1m[36mAuction Load (0.2ms)[0m  [1m[34mSELECT "auctions".* FROM "auctions"[0m
  ↳ app/views/auctions/index.html.erb:31
  Rendered auctions/index.html.erb within layouts/application (Duration: 1.7ms | Allocations: 694)
  Rendered layout layouts/application.html.erb (Duration: 5.2ms | Allocations: 3212)
Completed 200 OK in 7ms (Views: 5.4ms | ActiveRecord: 0.4ms | Allocations: 4088)


Started GET "/" for ::1 at 2022-01-22 11:19:24 +0900
Processing by AuctionsController#index as HTML
  [1m[36mAuction Count (0.2ms)[0m  [1m[34mSELECT COUNT(*) FROM "auctions"[0m
  ↳ app/controllers/auctions_controller.rb:7:in `index'
  Rendering layout layouts/application.html.erb
  Rendering auctions/index.html.erb within layouts/application
  [1m[36mAuction Load (0.2ms)[0m  [1m[34mSELECT "auctions".* FROM "auctions"[0m
  ↳ app/views/auctions/index.html.erb:30
  Rendered auctions/index.html.erb within layouts/application (Duration: 2.4ms | Allocations: 1622)
  Rendered layout layouts/application.html.erb (Duration: 8.0ms | Allocations: 4557)
Completed 200 OK in 12ms (Views: 9.5ms | ActiveRecord: 0.4ms | Allocations: 6223)


Started GET "/" for ::1 at 2022-01-22 11:20:21 +0900
Processing by AuctionsController#index as HTML
  [1m[36mAuction Count (0.4ms)[0m  [1m[34mSELECT COUNT(*) FROM "auctions"[0m
  ↳ app/controllers/auctions_controller.rb:7:in `index'
  Rendering layout layouts/application.html.erb
  Rendering auctions/index.html.erb within layouts/application
  [1m[36mAuction Load (0.2ms)[0m  [1m[34mSELECT "auctions".* FROM "auctions"[0m
  ↳ app/views/auctions/index.html.erb:31
  Rendered auctions/index.html.erb within layouts/application (Duration: 3.9ms | Allocations: 1627)
  Rendered layout layouts/application.html.erb (Duration: 11.7ms | Allocations: 4552)
Completed 200 OK in 22ms (Views: 15.3ms | ActiveRecord: 0.6ms | Allocations: 6222)


Started GET "/" for ::1 at 2022-01-22 11:20:38 +0900
Processing by AuctionsController#index as HTML
  [1m[36mAuction Count (0.4ms)[0m  [1m[34mSELECT COUNT(*) FROM "auctions"[0m
  ↳ app/controllers/auctions_controller.rb:7:in `index'
  Rendering layout layouts/application.html.erb
  Rendering auctions/index.html.erb within layouts/application
  [1m[36mAuction Load (0.4ms)[0m  [1m[34mSELECT "auctions".* FROM "auctions"[0m
  ↳ app/views/auctions/index.html.erb:31
  Rendered auctions/index.html.erb within layouts/application (Duration: 9.8ms | Allocations: 1626)
  Rendered layout layouts/application.html.erb (Duration: 52.5ms | Allocations: 4561)
Completed 200 OK in 62ms (Views: 55.7ms | ActiveRecord: 0.7ms | Allocations: 6228)


Started GET "/" for ::1 at 2022-01-22 11:22:29 +0900
Processing by AuctionsController#index as HTML
  [1m[36mAuction Count (0.3ms)[0m  [1m[34mSELECT COUNT(*) FROM "auctions"[0m
  ↳ app/controllers/auctions_controller.rb:7:in `index'
  Rendering layout layouts/application.html.erb
  Rendering auctions/index.html.erb within layouts/application
  [1m[36mAuction Load (0.2ms)[0m  [1m[34mSELECT "auctions".* FROM "auctions"[0m
  ↳ app/views/auctions/index.html.erb:31
  Rendered auctions/index.html.erb within layouts/application (Duration: 4.3ms | Allocations: 1630)
  Rendered layout layouts/application.html.erb (Duration: 13.3ms | Allocations: 5798)
Completed 200 OK in 23ms (Views: 18.8ms | ActiveRecord: 0.5ms | Allocations: 7468)


  [1m[35m (1.8ms)[0m  [1m[34mSELECT sqlite_version(*)[0m
  [1m[36mTRANSACTION (0.1ms)[0m  [1m[36mbegin transaction[0m
  [1m[36mAuction Create (0.6ms)[0m  [1m[32mINSERT INTO "auctions" ("url", "email", "proname", "price", "start", "finish", "bid_number", "remain_time", "created_at", "updated_at") VALUES (?, ?, ?, ?, ?, ?, ?, ?, ?, ?)[0m  [["url", "https://page.auctions.yahoo.co.jp/jp/auction/1031905319"], ["email", "test@test.com"], ["proname", "PSVitaソフト 大量 72個 まとめ ロット ゲームソフト"], ["price", "15555"], ["start", "2022.01.15（土）13:42"], ["finish", "2022.01.22（土）22:42"], ["bid_number", "36件"], ["remain_time", "13時間"], ["created_at", "2022-01-22 02:26:53.594082"], ["updated_at", "2022-01-22 02:26:53.594082"]]
  [1m[36mTRANSACTION (0.9ms)[0m  [1m[36mcommit transaction[0m
  [1m[36mTRANSACTION (0.1ms)[0m  [1m[36mbegin transaction[0m
  [1m[36mAuction Create (0.8ms)[0m  [1m[32mINSERT INTO "auctions" ("url", "email", "proname", "price", "start", "finish", "bid_number", "remain_time", "created_at", "updated_at") VALUES (?, ?, ?, ?, ?, ?, ?, ?, ?, ?)[0m  [["url", "https://page.auctions.yahoo.co.jp/jp/auction/1031905319"], ["email", "test@test.com"], ["proname", "PSVitaソフト 大量 72個 まとめ ロット ゲームソフト"], ["price", "15555"], ["start", "2022.01.15（土）13:42"], ["finish", "2022.01.22（土）22:42"], ["bid_number", "36件"], ["remain_time", "13時間"], ["created_at", "2022-01-22 02:27:16.570452"], ["updated_at", "2022-01-22 02:27:16.570452"]]
  [1m[36mTRANSACTION (1.1ms)[0m  [1m[36mcommit transaction[0m
  [1m[36mAuction Load (0.5ms)[0m  [1m[34mSELECT "auctions".* FROM "auctions"[0m
Started GET "/" for ::1 at 2022-01-22 11:27:44 +0900
  [1m[35m (0.9ms)[0m  [1m[34mSELECT sqlite_version(*)[0m
  [1m[36mActiveRecord::SchemaMigration Pluck (0.2ms)[0m  [1m[34mSELECT "schema_migrations"."version" FROM "schema_migrations" ORDER BY "schema_migrations"."version" ASC[0m
Processing by AuctionsController#index as HTML
  [1m[36mAuction Count (0.1ms)[0m  [1m[34mSELECT COUNT(*) FROM "auctions"[0m
  ↳ app/controllers/auctions_controller.rb:7:in `index'
  Rendering layout layouts/application.html.erb
  Rendering auctions/index.html.erb within layouts/application
  [1m[36mAuction Load (0.3ms)[0m  [1m[34mSELECT "auctions".* FROM "auctions"[0m
  ↳ app/views/auctions/index.html.erb:31
  Rendered auctions/index.html.erb within layouts/application (Duration: 12.9ms | Allocations: 13185)
  Rendered layout layouts/application.html.erb (Duration: 79.0ms | Allocations: 53984)
Completed 200 OK in 94ms (Views: 81.8ms | ActiveRecord: 1.1ms | Allocations: 62004)


Started GET "/" for ::1 at 2022-01-22 11:27:45 +0900
Processing by AuctionsController#index as HTML
  [1m[36mAuction Count (0.3ms)[0m  [1m[34mSELECT COUNT(*) FROM "auctions"[0m
  ↳ app/controllers/auctions_controller.rb:7:in `index'
  Rendering layout layouts/application.html.erb
  Rendering auctions/index.html.erb within layouts/application
  [1m[36mAuction Load (0.2ms)[0m  [1m[34mSELECT "auctions".* FROM "auctions"[0m
  ↳ app/views/auctions/index.html.erb:31
  Rendered auctions/index.html.erb within layouts/application (Duration: 3.2ms | Allocations: 865)
  Rendered layout layouts/application.html.erb (Duration: 8.2ms | Allocations: 3295)
Completed 200 OK in 13ms (Views: 9.0ms | ActiveRecord: 0.5ms | Allocations: 4206)


Started GET "/auctions/new" for ::1 at 2022-01-22 11:27:53 +0900
Processing by AuctionsController#new as HTML
  [1m[36mAuction Count (0.7ms)[0m  [1m[34mSELECT COUNT(*) FROM "auctions"[0m
  ↳ app/controllers/auctions_controller.rb:12:in `new'
  Rendering layout layouts/application.html.erb
  Rendering auctions/new.html.erb within layouts/application
  Rendered auctions/new.html.erb within layouts/application (Duration: 5.8ms | Allocations: 1678)
  Rendered layout layouts/application.html.erb (Duration: 10.0ms | Allocations: 3839)
Completed 200 OK in 17ms (Views: 11.1ms | ActiveRecord: 0.7ms | Allocations: 4781)


Started DELETE "/auctions/4" for ::1 at 2022-01-22 11:28:26 +0900
Processing by AuctionsController#destroy as TURBO_STREAM
  Parameters: {"id"=>"4"}
  [1m[36mAuction Load (0.3ms)[0m  [1m[34mSELECT "auctions".* FROM "auctions" WHERE "auctions"."id" = ? LIMIT ?[0m  [["id", 4], ["LIMIT", 1]]
  ↳ app/controllers/auctions_controller.rb:60:in `destroy'
  [1m[36mTRANSACTION (0.1ms)[0m  [1m[36mbegin transaction[0m
  ↳ app/controllers/auctions_controller.rb:61:in `destroy'
  [1m[36mAuction Destroy (0.6ms)[0m  [1m[31mDELETE FROM "auctions" WHERE "auctions"."id" = ?[0m  [["id", 4]]
  ↳ app/controllers/auctions_controller.rb:61:in `destroy'
  [1m[36mTRANSACTION (0.7ms)[0m  [1m[36mcommit transaction[0m
  ↳ app/controllers/auctions_controller.rb:61:in `destroy'
Redirected to http://localhost:3000/
Completed 303 See Other in 11ms (ActiveRecord: 1.6ms | Allocations: 4888)


Started GET "/" for ::1 at 2022-01-22 11:28:26 +0900
Processing by AuctionsController#index as TURBO_STREAM
  [1m[36mAuction Count (0.2ms)[0m  [1m[34mSELECT COUNT(*) FROM "auctions"[0m
  ↳ app/controllers/auctions_controller.rb:7:in `index'
  Rendering layout layouts/application.html.erb
  Rendering auctions/index.html.erb within layouts/application
  [1m[36mAuction Load (0.1ms)[0m  [1m[34mSELECT "auctions".* FROM "auctions"[0m
  ↳ app/views/auctions/index.html.erb:31
  Rendered auctions/index.html.erb within layouts/application (Duration: 1.4ms | Allocations: 769)
  Rendered layout layouts/application.html.erb (Duration: 5.5ms | Allocations: 3284)
Completed 200 OK in 8ms (Views: 5.9ms | ActiveRecord: 0.3ms | Allocations: 4165)


Started GET "/auctions/new" for ::1 at 2022-01-22 11:28:30 +0900
Processing by AuctionsController#new as HTML
  [1m[36mAuction Count (0.3ms)[0m  [1m[34mSELECT COUNT(*) FROM "auctions"[0m
  ↳ app/controllers/auctions_controller.rb:12:in `new'
  Rendering layout layouts/application.html.erb
  Rendering auctions/new.html.erb within layouts/application
  Rendered auctions/new.html.erb within layouts/application (Duration: 5.2ms | Allocations: 638)
  Rendered layout layouts/application.html.erb (Duration: 11.6ms | Allocations: 2676)
Completed 200 OK in 19ms (Views: 13.4ms | ActiveRecord: 0.3ms | Allocations: 3484)


Started GET "/auctions/new" for ::1 at 2022-01-22 11:28:41 +0900
Processing by AuctionsController#new as HTML
  [1m[36mAuction Count (0.3ms)[0m  [1m[34mSELECT COUNT(*) FROM "auctions"[0m
  ↳ app/controllers/auctions_controller.rb:12:in `new'
  Rendering layout layouts/application.html.erb
  Rendering auctions/new.html.erb within layouts/application
  Rendered auctions/new.html.erb within layouts/application (Duration: 4.4ms | Allocations: 1378)
  Rendered layout layouts/application.html.erb (Duration: 9.5ms | Allocations: 3919)
Completed 200 OK in 17ms (Views: 13.2ms | ActiveRecord: 0.3ms | Allocations: 5597)


Started GET "/" for ::1 at 2022-01-22 11:28:43 +0900
Processing by AuctionsController#index as HTML
  [1m[36mAuction Count (0.2ms)[0m  [1m[34mSELECT COUNT(*) FROM "auctions"[0m
  ↳ app/controllers/auctions_controller.rb:7:in `index'
  Rendering layout layouts/application.html.erb
  Rendering auctions/index.html.erb within layouts/application
  [1m[36mAuction Load (0.2ms)[0m  [1m[34mSELECT "auctions".* FROM "auctions"[0m
  ↳ app/views/auctions/index.html.erb:31
  Rendered auctions/index.html.erb within layouts/application (Duration: 2.3ms | Allocations: 1460)
  Rendered layout layouts/application.html.erb (Duration: 6.1ms | Allocations: 4384)
Completed 200 OK in 11ms (Views: 7.7ms | ActiveRecord: 0.4ms | Allocations: 6100)


Started GET "/" for ::1 at 2022-01-22 11:28:43 +0900
Processing by AuctionsController#index as HTML
  [1m[36mAuction Count (0.3ms)[0m  [1m[34mSELECT COUNT(*) FROM "auctions"[0m
  ↳ app/controllers/auctions_controller.rb:7:in `index'
  Rendering layout layouts/application.html.erb
  Rendering auctions/index.html.erb within layouts/application
  [1m[36mAuction Load (0.3ms)[0m  [1m[34mSELECT "auctions".* FROM "auctions"[0m
  ↳ app/views/auctions/index.html.erb:31
  Rendered auctions/index.html.erb within layouts/application (Duration: 3.4ms | Allocations: 696)
  Rendered layout layouts/application.html.erb (Duration: 11.6ms | Allocations: 3050)
Completed 200 OK in 16ms (Views: 12.2ms | ActiveRecord: 0.6ms | Allocations: 3856)


Started GET "/auctions/new" for ::1 at 2022-01-22 11:51:07 +0900
  [1m[35m (1.1ms)[0m  [1m[34mSELECT sqlite_version(*)[0m
  [1m[36mActiveRecord::SchemaMigration Pluck (0.1ms)[0m  [1m[34mSELECT "schema_migrations"."version" FROM "schema_migrations" ORDER BY "schema_migrations"."version" ASC[0m
Processing by AuctionsController#new as HTML
  [1m[36mAuction Count (0.3ms)[0m  [1m[34mSELECT COUNT(*) FROM "auctions"[0m
  ↳ app/controllers/auctions_controller.rb:12:in `new'
  Rendering layout layouts/application.html.erb
  Rendering auctions/new.html.erb within layouts/application
  Rendered auctions/new.html.erb within layouts/application (Duration: 8.8ms | Allocations: 2345)
  Rendered layout layouts/application.html.erb (Duration: 47.3ms | Allocations: 36996)
Completed 200 OK in 69ms (Views: 50.8ms | ActiveRecord: 0.8ms | Allocations: 55987)


Started GET "/" for ::1 at 2022-01-22 11:51:10 +0900
Processing by AuctionsController#index as HTML
  [1m[36mAuction Count (0.3ms)[0m  [1m[34mSELECT COUNT(*) FROM "auctions"[0m
  ↳ app/controllers/auctions_controller.rb:7:in `index'
  Rendering layout layouts/application.html.erb
  Rendering auctions/index.html.erb within layouts/application
  [1m[36mAuction Load (0.3ms)[0m  [1m[34mSELECT "auctions".* FROM "auctions"[0m
  ↳ app/views/auctions/index.html.erb:31
  Rendered auctions/index.html.erb within layouts/application (Duration: 3.9ms | Allocations: 1512)
  Rendered layout layouts/application.html.erb (Duration: 10.7ms | Allocations: 4042)
Completed 200 OK in 17ms (Views: 11.7ms | ActiveRecord: 0.6ms | Allocations: 5032)


  [1m[35m (1.6ms)[0m  [1m[34mSELECT sqlite_version(*)[0m
  [1m[36mTRANSACTION (0.1ms)[0m  [1m[36mbegin transaction[0m
  [1m[36mAuction Create (1.6ms)[0m  [1m[32mINSERT INTO "auctions" ("url", "email", "proname", "price", "start", "finish", "bid_number", "remain_time", "created_at", "updated_at") VALUES (?, ?, ?, ?, ?, ?, ?, ?, ?, ?)[0m  [["url", "https://page.auctions.yahoo.co.jp/jp/auction/l1030746530"], ["email", "test@test.com"], ["proname", "PSVitaソフト 大量 72個 まとめ ロット ゲームソフト"], ["price", "15,555円"], ["start", "2022.01.15（土）13:42"], ["finish", "2022.01.22（土）22:42"], ["bid_number", "36件"], ["remain_time", "13時間"], ["created_at", "2022-01-22 02:55:53.149710"], ["updated_at", "2022-01-22 02:55:53.149710"]]
  [1m[36mTRANSACTION (2.0ms)[0m  [1m[36mcommit transaction[0m
Started GET "/" for ::1 at 2022-01-22 11:56:01 +0900
  [1m[35m (0.9ms)[0m  [1m[34mSELECT sqlite_version(*)[0m
  [1m[36mActiveRecord::SchemaMigration Pluck (0.1ms)[0m  [1m[34mSELECT "schema_migrations"."version" FROM "schema_migrations" ORDER BY "schema_migrations"."version" ASC[0m
Processing by AuctionsController#index as HTML
  [1m[36mAuction Count (0.1ms)[0m  [1m[34mSELECT COUNT(*) FROM "auctions"[0m
  ↳ app/controllers/auctions_controller.rb:7:in `index'
  Rendering layout layouts/application.html.erb
  Rendering auctions/index.html.erb within layouts/application
  [1m[36mAuction Load (0.2ms)[0m  [1m[34mSELECT "auctions".* FROM "auctions"[0m
  ↳ app/views/auctions/index.html.erb:31
  Rendered auctions/index.html.erb within layouts/application (Duration: 11.7ms | Allocations: 12909)
  Rendered layout layouts/application.html.erb (Duration: 55.3ms | Allocations: 48060)
Completed 200 OK in 69ms (Views: 58.3ms | ActiveRecord: 0.9ms | Allocations: 56081)


Started DELETE "/auctions/1" for ::1 at 2022-01-22 11:56:06 +0900
Processing by AuctionsController#destroy as TURBO_STREAM
  Parameters: {"id"=>"1"}
  [1m[36mAuction Load (0.4ms)[0m  [1m[34mSELECT "auctions".* FROM "auctions" WHERE "auctions"."id" = ? LIMIT ?[0m  [["id", 1], ["LIMIT", 1]]
  ↳ app/controllers/auctions_controller.rb:60:in `destroy'
  [1m[36mTRANSACTION (0.1ms)[0m  [1m[36mbegin transaction[0m
  ↳ app/controllers/auctions_controller.rb:61:in `destroy'
  [1m[36mAuction Destroy (0.7ms)[0m  [1m[31mDELETE FROM "auctions" WHERE "auctions"."id" = ?[0m  [["id", 1]]
  ↳ app/controllers/auctions_controller.rb:61:in `destroy'
  [1m[36mTRANSACTION (1.5ms)[0m  [1m[36mcommit transaction[0m
  ↳ app/controllers/auctions_controller.rb:61:in `destroy'
Redirected to http://localhost:3000/
Completed 303 See Other in 15ms (ActiveRecord: 2.6ms | Allocations: 4961)


Started GET "/" for ::1 at 2022-01-22 11:56:06 +0900
Processing by AuctionsController#index as TURBO_STREAM
  [1m[36mAuction Count (0.2ms)[0m  [1m[34mSELECT COUNT(*) FROM "auctions"[0m
  ↳ app/controllers/auctions_controller.rb:7:in `index'
  Rendering layout layouts/application.html.erb
  Rendering auctions/index.html.erb within layouts/application
  [1m[36mAuction Load (0.1ms)[0m  [1m[34mSELECT "auctions".* FROM "auctions"[0m
  ↳ app/views/auctions/index.html.erb:31
  Rendered auctions/index.html.erb within layouts/application (Duration: 1.1ms | Allocations: 718)
  Rendered layout layouts/application.html.erb (Duration: 7.4ms | Allocations: 3222)
Completed 200 OK in 10ms (Views: 7.8ms | ActiveRecord: 0.3ms | Allocations: 4101)


Started GET "/" for ::1 at 2022-01-26 17:38:38 +0900
  [1m[35m (1.0ms)[0m  [1m[34mSELECT sqlite_version(*)[0m
  [1m[36mActiveRecord::SchemaMigration Pluck (0.1ms)[0m  [1m[34mSELECT "schema_migrations"."version" FROM "schema_migrations" ORDER BY "schema_migrations"."version" ASC[0m
Processing by AuctionsController#index as HTML
  [1m[36mAuction Count (0.2ms)[0m  [1m[34mSELECT COUNT(*) FROM "auctions"[0m
  ↳ app/controllers/auctions_controller.rb:7:in `index'
  Rendering layout layouts/application.html.erb
  Rendering auctions/index.html.erb within layouts/application
  [1m[36mAuction Load (0.1ms)[0m  [1m[34mSELECT "auctions".* FROM "auctions"[0m
  ↳ app/views/auctions/index.html.erb:31
  Rendered auctions/index.html.erb within layouts/application (Duration: 10.8ms | Allocations: 12858)
  Rendered layout layouts/application.html.erb (Duration: 68.2ms | Allocations: 53072)
Completed 200 OK in 83ms (Views: 71.1ms | ActiveRecord: 1.0ms | Allocations: 61119)


Started GET "/auctions/new" for ::1 at 2022-01-26 17:38:40 +0900
Processing by AuctionsController#new as HTML
  [1m[36mAuction Count (0.6ms)[0m  [1m[34mSELECT COUNT(*) FROM "auctions"[0m
  ↳ app/controllers/auctions_controller.rb:12:in `new'
  Rendering layout layouts/application.html.erb
  Rendering auctions/new.html.erb within layouts/application
  Rendered auctions/new.html.erb within layouts/application (Duration: 4.9ms | Allocations: 1887)
  Rendered layout layouts/application.html.erb (Duration: 9.7ms | Allocations: 4049)
Completed 200 OK in 16ms (Views: 10.4ms | ActiveRecord: 0.6ms | Allocations: 5111)


Started POST "/auctions" for ::1 at 2022-01-26 17:38:43 +0900
Processing by AuctionsController#create as TURBO_STREAM
  Parameters: {"authenticity_token"=>"[FILTERED]", "auction"=>{"url"=>"https://page.auctions.yahoo.co.jp/jp/auction/t1032800850", "email"=>"test@test.com"}, "commit"=>"登録"}
  [1m[36mTRANSACTION (0.2ms)[0m  [1m[36mbegin transaction[0m
  ↳ app/controllers/auctions_controller.rb:107:in `create'
  [1m[36mAuction Create (0.9ms)[0m  [1m[32mINSERT INTO "auctions" ("url", "email", "proname", "price", "start", "finish", "bid_number", "remain_time", "created_at", "updated_at") VALUES (?, ?, ?, ?, ?, ?, ?, ?, ?, ?)[0m  [["url", "https://page.auctions.yahoo.co.jp/jp/auction/t1032800850"], ["email", "test@test.com"], ["proname", "新品▼ ナイキ　ダウンジャケット　MA-1　NIKE DOWN FILL　黒　ブラック　Lサイズ　未使用　メンズ　ボンバージャケット"], ["price", "7,750円"], ["start", "開始日時：2022.01.20（木）13:26"], ["finish", "終了日時：2022.01.27（木）23:25"], ["bid_number", "38件"], ["remain_time", "1日"], ["created_at", "2022-01-26 08:38:44.769748"], ["updated_at", "2022-01-26 08:38:44.769748"]]
  ↳ app/controllers/auctions_controller.rb:107:in `create'
  [1m[36mTRANSACTION (0.8ms)[0m  [1m[36mcommit transaction[0m
  ↳ app/controllers/auctions_controller.rb:107:in `create'
Redirected to http://localhost:3000/
Completed 302 Found in 1491ms (ActiveRecord: 1.9ms | Allocations: 14555)


Started GET "/" for ::1 at 2022-01-26 17:38:44 +0900
Processing by AuctionsController#index as TURBO_STREAM
  [1m[36mAuction Count (0.2ms)[0m  [1m[34mSELECT COUNT(*) FROM "auctions"[0m
  ↳ app/controllers/auctions_controller.rb:7:in `index'
  Rendering layout layouts/application.html.erb
  Rendering auctions/index.html.erb within layouts/application
  [1m[36mAuction Load (0.1ms)[0m  [1m[34mSELECT "auctions".* FROM "auctions"[0m
  ↳ app/views/auctions/index.html.erb:31
  Rendered auctions/index.html.erb within layouts/application (Duration: 1.4ms | Allocations: 773)
  Rendered layout layouts/application.html.erb (Duration: 5.1ms | Allocations: 3285)
Completed 200 OK in 7ms (Views: 5.5ms | ActiveRecord: 0.3ms | Allocations: 4189)


Started GET "/" for 127.0.0.1 at 2022-01-26 18:10:51 +0900
  [1m[35m (1.1ms)[0m  [1m[34mSELECT sqlite_version(*)[0m
  [1m[36mActiveRecord::SchemaMigration Pluck (0.1ms)[0m  [1m[34mSELECT "schema_migrations"."version" FROM "schema_migrations" ORDER BY "schema_migrations"."version" ASC[0m
Processing by AuctionsController#index as HTML
  [1m[36mAuction Count (0.3ms)[0m  [1m[34mSELECT COUNT(*) FROM "auctions"[0m
  ↳ app/controllers/auctions_controller.rb:7:in `index'
  Rendering layout layouts/application.html.erb
  Rendering auctions/index.html.erb within layouts/application
  [1m[36mAuction Load (0.2ms)[0m  [1m[34mSELECT "auctions".* FROM "auctions"[0m
  ↳ app/views/auctions/index.html.erb:31
  Rendered auctions/index.html.erb within layouts/application (Duration: 12.0ms | Allocations: 12909)
  Rendered layout layouts/application.html.erb (Duration: 62.5ms | Allocations: 51566)
Completed 200 OK in 78ms (Views: 65.5ms | ActiveRecord: 1.1ms | Allocations: 59578)


Started GET "/auctions/new" for 127.0.0.1 at 2022-01-26 18:10:54 +0900
Processing by AuctionsController#new as HTML
  [1m[36mAuction Count (0.3ms)[0m  [1m[34mSELECT COUNT(*) FROM "auctions"[0m
  ↳ app/controllers/auctions_controller.rb:12:in `new'
  Rendering layout layouts/application.html.erb
  Rendering auctions/new.html.erb within layouts/application
  Rendered auctions/new.html.erb within layouts/application (Duration: 5.8ms | Allocations: 1765)
  Rendered layout layouts/application.html.erb (Duration: 10.4ms | Allocations: 3927)
Completed 200 OK in 16ms (Views: 11.0ms | ActiveRecord: 0.3ms | Allocations: 4989)


Started POST "/auctions" for 127.0.0.1 at 2022-01-26 18:10:58 +0900
Processing by AuctionsController#create as TURBO_STREAM
  Parameters: {"authenticity_token"=>"[FILTERED]", "auction"=>{"url"=>"https://page.auctions.yahoo.co.jp/jp/auction/t1032800850", "email"=>"test@test.com"}, "commit"=>"登録"}
Completed 500 Internal Server Error in 1501ms (ActiveRecord: 0.0ms | Allocations: 13211)


  
NoMethodError (undefined method `slice!' for nil:NilClass):
  
app/controllers/auctions_controller.rb:73:in `create'
Started GET "/auctions/new" for 127.0.0.1 at 2022-01-26 18:11:09 +0900
Processing by AuctionsController#new as HTML
  [1m[35m (0.1ms)[0m  [1m[34mSELECT sqlite_version(*)[0m
  ↳ app/controllers/auctions_controller.rb:11:in `new'
  [1m[36mAuction Count (0.2ms)[0m  [1m[34mSELECT COUNT(*) FROM "auctions"[0m
  ↳ app/controllers/auctions_controller.rb:12:in `new'
  Rendering layout layouts/application.html.erb
  Rendering auctions/new.html.erb within layouts/application
  Rendered auctions/new.html.erb within layouts/application (Duration: 1.1ms | Allocations: 742)
  Rendered layout layouts/application.html.erb (Duration: 21.0ms | Allocations: 14308)
Completed 200 OK in 30ms (Views: 22.4ms | ActiveRecord: 0.9ms | Allocations: 19899)


Started POST "/auctions" for 127.0.0.1 at 2022-01-26 18:11:12 +0900
Processing by AuctionsController#create as TURBO_STREAM
  Parameters: {"authenticity_token"=>"[FILTERED]", "auction"=>{"url"=>"https://page.auctions.yahoo.co.jp/jp/auction/t1032800850", "email"=>"test@test.com"}, "commit"=>"登録"}
  [1m[36mTRANSACTION (0.1ms)[0m  [1m[36mbegin transaction[0m
  ↳ app/controllers/auctions_controller.rb:109:in `create'
  [1m[36mAuction Create (0.8ms)[0m  [1m[32mINSERT INTO "auctions" ("url", "email", "proname", "price", "start", "finish", "bid_number", "remain_time", "created_at", "updated_at") VALUES (?, ?, ?, ?, ?, ?, ?, ?, ?, ?)[0m  [["url", "https://page.auctions.yahoo.co.jp/jp/auction/t1032800850"], ["email", "test@test.com"], ["proname", "新品▼ ナイキ　ダウンジャケット　MA-1　NIKE DOWN FILL　黒　ブラック　Lサイズ　未使用　メンズ　ボンバージャケット"], ["price", "7,750円"], ["start", "2022.01.20（木）13:26"], ["finish", "2022.01.27（木）23:25"], ["bid_number", "40件"], ["remain_time", "1日"], ["created_at", "2022-01-26 09:11:14.247110"], ["updated_at", "2022-01-26 09:11:14.247110"]]
  ↳ app/controllers/auctions_controller.rb:109:in `create'
  [1m[36mTRANSACTION (0.9ms)[0m  [1m[36mcommit transaction[0m
  ↳ app/controllers/auctions_controller.rb:109:in `create'
Redirected to http://127.0.0.1:3000/
Completed 302 Found in 1468ms (ActiveRecord: 1.8ms | Allocations: 6569)


Started GET "/" for 127.0.0.1 at 2022-01-26 18:11:14 +0900
Processing by AuctionsController#index as TURBO_STREAM
  [1m[36mAuction Count (0.2ms)[0m  [1m[34mSELECT COUNT(*) FROM "auctions"[0m
  ↳ app/controllers/auctions_controller.rb:7:in `index'
  Rendering layout layouts/application.html.erb
  Rendering auctions/index.html.erb within layouts/application
  [1m[36mAuction Load (0.2ms)[0m  [1m[34mSELECT "auctions".* FROM "auctions"[0m
  ↳ app/views/auctions/index.html.erb:31
  Rendered auctions/index.html.erb within layouts/application (Duration: 1.6ms | Allocations: 902)
  Rendered layout layouts/application.html.erb (Duration: 5.0ms | Allocations: 3301)
Completed 200 OK in 7ms (Views: 5.3ms | ActiveRecord: 0.4ms | Allocations: 4205)


Started DELETE "/auctions/5" for 127.0.0.1 at 2022-01-26 18:11:21 +0900
Processing by AuctionsController#destroy as TURBO_STREAM
  Parameters: {"id"=>"5"}
  [1m[36mAuction Load (0.3ms)[0m  [1m[34mSELECT "auctions".* FROM "auctions" WHERE "auctions"."id" = ? LIMIT ?[0m  [["id", 5], ["LIMIT", 1]]
  ↳ app/controllers/auctions_controller.rb:118:in `destroy'
  [1m[36mTRANSACTION (0.1ms)[0m  [1m[36mbegin transaction[0m
  ↳ app/controllers/auctions_controller.rb:119:in `destroy'
  [1m[36mAuction Destroy (0.4ms)[0m  [1m[31mDELETE FROM "auctions" WHERE "auctions"."id" = ?[0m  [["id", 5]]
  ↳ app/controllers/auctions_controller.rb:119:in `destroy'
  [1m[36mTRANSACTION (0.7ms)[0m  [1m[36mcommit transaction[0m
  ↳ app/controllers/auctions_controller.rb:119:in `destroy'
Redirected to http://127.0.0.1:3000/
Completed 303 See Other in 31ms (ActiveRecord: 1.4ms | Allocations: 11438)


Started GET "/" for 127.0.0.1 at 2022-01-26 18:11:21 +0900
Processing by AuctionsController#index as TURBO_STREAM
  [1m[36mAuction Count (0.2ms)[0m  [1m[34mSELECT COUNT(*) FROM "auctions"[0m
  ↳ app/controllers/auctions_controller.rb:7:in `index'
  Rendering layout layouts/application.html.erb
  Rendering auctions/index.html.erb within layouts/application
  [1m[36mAuction Load (0.1ms)[0m  [1m[34mSELECT "auctions".* FROM "auctions"[0m
  ↳ app/views/auctions/index.html.erb:31
  Rendered auctions/index.html.erb within layouts/application (Duration: 1.4ms | Allocations: 770)
  Rendered layout layouts/application.html.erb (Duration: 4.7ms | Allocations: 3208)
Completed 200 OK in 7ms (Views: 5.0ms | ActiveRecord: 0.3ms | Allocations: 4042)


Started DELETE "/auctions/6" for 127.0.0.1 at 2022-01-26 18:11:25 +0900
Processing by AuctionsController#destroy as TURBO_STREAM
  Parameters: {"id"=>"6"}
  [1m[36mAuction Load (0.3ms)[0m  [1m[34mSELECT "auctions".* FROM "auctions" WHERE "auctions"."id" = ? LIMIT ?[0m  [["id", 6], ["LIMIT", 1]]
  ↳ app/controllers/auctions_controller.rb:118:in `destroy'
  [1m[36mTRANSACTION (0.2ms)[0m  [1m[36mbegin transaction[0m
  ↳ app/controllers/auctions_controller.rb:119:in `destroy'
  [1m[36mAuction Destroy (1.0ms)[0m  [1m[31mDELETE FROM "auctions" WHERE "auctions"."id" = ?[0m  [["id", 6]]
  ↳ app/controllers/auctions_controller.rb:119:in `destroy'
  [1m[36mTRANSACTION (1.4ms)[0m  [1m[36mcommit transaction[0m
  ↳ app/controllers/auctions_controller.rb:119:in `destroy'
Redirected to http://127.0.0.1:3000/
Completed 303 See Other in 16ms (ActiveRecord: 2.8ms | Allocations: 2382)


Started GET "/" for 127.0.0.1 at 2022-01-26 18:11:26 +0900
Processing by AuctionsController#index as TURBO_STREAM
  [1m[36mAuction Count (0.2ms)[0m  [1m[34mSELECT COUNT(*) FROM "auctions"[0m
  ↳ app/controllers/auctions_controller.rb:7:in `index'
  Rendering layout layouts/application.html.erb
  Rendering auctions/index.html.erb within layouts/application
  [1m[36mAuction Load (0.1ms)[0m  [1m[34mSELECT "auctions".* FROM "auctions"[0m
  ↳ app/views/auctions/index.html.erb:31
  Rendered auctions/index.html.erb within layouts/application (Duration: 1.4ms | Allocations: 696)
  Rendered layout layouts/application.html.erb (Duration: 5.6ms | Allocations: 2962)
Completed 200 OK in 9ms (Views: 6.5ms | ActiveRecord: 0.4ms | Allocations: 3734)


Started GET "/auctions/new" for 127.0.0.1 at 2022-01-26 18:15:11 +0900
Processing by AuctionsController#new as HTML
  [1m[36mAuction Count (0.3ms)[0m  [1m[34mSELECT COUNT(*) FROM "auctions"[0m
  ↳ app/controllers/auctions_controller.rb:12:in `new'
  Rendering layout layouts/application.html.erb
  Rendering auctions/new.html.erb within layouts/application
  Rendered auctions/new.html.erb within layouts/application (Duration: 4.1ms | Allocations: 561)
  Rendered layout layouts/application.html.erb (Duration: 10.1ms | Allocations: 2598)
Completed 200 OK in 15ms (Views: 11.1ms | ActiveRecord: 0.3ms | Allocations: 3397)


Started GET "/" for 127.0.0.1 at 2022-01-26 18:15:12 +0900
Processing by AuctionsController#index as HTML
  [1m[36mAuction Count (0.8ms)[0m  [1m[34mSELECT COUNT(*) FROM "auctions"[0m
  ↳ app/controllers/auctions_controller.rb:7:in `index'
  Rendering layout layouts/application.html.erb
  Rendering auctions/index.html.erb within layouts/application
  [1m[36mAuction Load (0.3ms)[0m  [1m[34mSELECT "auctions".* FROM "auctions"[0m
  ↳ app/views/auctions/index.html.erb:31
  Rendered auctions/index.html.erb within layouts/application (Duration: 3.6ms | Allocations: 696)
  Rendered layout layouts/application.html.erb (Duration: 9.5ms | Allocations: 2962)
Completed 200 OK in 17ms (Views: 10.7ms | ActiveRecord: 1.1ms | Allocations: 3731)


